2025-07-08 20:37:17,179 [jt_trainer.py] => Starting new run
2025-07-08 20:37:17,179 [jt_trainer.py] => ID: 17
2025-07-08 20:37:17,179 [jt_trainer.py] => dataset: cub
2025-07-08 20:37:17,179 [jt_trainer.py] => shuffle: True
2025-07-08 20:37:17,179 [jt_trainer.py] => init_cls: 20
2025-07-08 20:37:17,179 [jt_trainer.py] => increment: 20
2025-07-08 20:37:17,179 [jt_trainer.py] => model_name: lora
2025-07-08 20:37:17,179 [jt_trainer.py] => convnet_type: pretrained_vit_b16_224_lora
2025-07-08 20:37:17,179 [jt_trainer.py] => device: ['cuda:0']
2025-07-08 20:37:17,179 [jt_trainer.py] => seed: 1993
2025-07-08 20:37:17,179 [jt_trainer.py] => batch_size: 48
2025-07-08 20:37:17,179 [jt_trainer.py] => tuned_epoch: 20
2025-07-08 20:37:17,180 [jt_trainer.py] => body_lr: 0.01
2025-07-08 20:37:17,180 [jt_trainer.py] => head_lr: 0.01
2025-07-08 20:37:17,180 [jt_trainer.py] => weight_decay: 0.0005
2025-07-08 20:37:17,180 [jt_trainer.py] => min_lr: 0
2025-07-08 20:37:17,180 [jt_trainer.py] => use_RP: True
2025-07-08 20:37:17,180 [jt_trainer.py] => M: 10000
2025-07-08 20:37:17,180 [jt_trainer.py] => use_input_norm: False
2025-07-08 20:37:17,180 [jt_trainer.py] => do_not_save: False
2025-07-08 20:38:32,686 [jt_trainer.py] => Starting new run
2025-07-08 20:38:32,687 [jt_trainer.py] => ID: 17
2025-07-08 20:38:32,687 [jt_trainer.py] => dataset: cub
2025-07-08 20:38:32,687 [jt_trainer.py] => shuffle: True
2025-07-08 20:38:32,687 [jt_trainer.py] => init_cls: 20
2025-07-08 20:38:32,687 [jt_trainer.py] => increment: 20
2025-07-08 20:38:32,687 [jt_trainer.py] => model_name: lora
2025-07-08 20:38:32,687 [jt_trainer.py] => convnet_type: pretrained_vit_b16_224_lora
2025-07-08 20:38:32,687 [jt_trainer.py] => device: ['cuda:0']
2025-07-08 20:38:32,687 [jt_trainer.py] => seed: 1993
2025-07-08 20:38:32,687 [jt_trainer.py] => batch_size: 48
2025-07-08 20:38:32,687 [jt_trainer.py] => tuned_epoch: 20
2025-07-08 20:38:32,687 [jt_trainer.py] => body_lr: 0.01
2025-07-08 20:38:32,687 [jt_trainer.py] => head_lr: 0.01
2025-07-08 20:38:32,687 [jt_trainer.py] => weight_decay: 0.0005
2025-07-08 20:38:32,687 [jt_trainer.py] => min_lr: 0
2025-07-08 20:38:32,687 [jt_trainer.py] => use_RP: True
2025-07-08 20:38:32,688 [jt_trainer.py] => M: 10000
2025-07-08 20:38:32,688 [jt_trainer.py] => use_input_norm: False
2025-07-08 20:38:32,688 [jt_trainer.py] => do_not_save: False
2025-07-08 20:38:33,956 [data_manager.py] => Class Order: [168,136,51,9,183,101,171,99,42,159,191,70,16,188,27,10,175,26,68,187,98,6,85,35,112,43,100,0,103,181,88,59,4,2,116,174,94,80,106,1,147,17,141,131,72,23,173,54,197,118,87,32,79,104,91,19,135,107,178,36,11,199,142,8,122,3,28,57,153,172,190,56,49,44,97,62,151,169,194,55,192,12,189,78,66,180,15,137,109,134,92,119,126,52,170,40,148,65,144,64,138,45,77,89,154,90,71,193,74,30,113,143,96,84,67,50,186,156,69,21,18,111,108,58,125,157,150,110,182,129,166,83,81,60,13,165,14,176,63,117,5,22,145,121,38,41,82,127,114,20,31,53,37,163,196,130,152,162,86,76,24,34,184,149,33,128,198,155,146,167,139,120,140,102,47,25,158,123,46,164,61,7,115,75,133,160,105,132,179,124,48,73,93,39,95,195,29,177,185,161]
2025-07-08 20:38:34,031 [jt_trainer.py] => Pre-trained network parameters: 86167296
2025-07-08 20:38:34,270 [jt_RanPAC.py] => Starting CIL Task 1
2025-07-08 20:38:34,270 [jt_RanPAC.py] => Learning on classes 0-19
2025-07-08 20:38:34,272 [jt_RanPAC.py] => 86,182,657 total parameters.
2025-07-08 20:38:34,274 [jt_RanPAC.py] => 384,001 training parameters.
2025-07-08 20:38:34,275 [jt_RanPAC.py] => Starting PETL training on first task using lora method
2025-07-08 20:42:01,638 [jt_RanPAC.py] => Task 0, Epoch 20/20 => Loss 0.538, Train_accy [92.39], Test_accy [97.98]
2025-07-08 20:43:19,580 [jt_RanPAC.py] => Optimal lambda: 10000000.0
2025-07-08 20:43:23,477 [jt_RanPAC.py] => 94,047,297 total parameters.
2025-07-08 20:43:23,478 [jt_RanPAC.py] => 7,680,000 training parameters.
2025-07-08 20:43:25,273 [jt_trainer.py] => Group Accuracies after this task: {'00-19': 98.79}
2025-07-08 20:43:25,273 [jt_trainer.py] => Ave Acc curve: [98.79]
2025-07-08 20:43:25,273 [jt_trainer.py] => Top1 curve: [98.79]
2025-07-08 20:43:25,273 [jt_RanPAC.py] => Starting CIL Task 2
2025-07-08 20:43:25,274 [jt_RanPAC.py] => Learning on classes 20-39
2025-07-08 20:44:43,171 [jt_RanPAC.py] => Optimal lambda: 10000000.0
2025-07-08 20:44:47,328 [jt_RanPAC.py] => 94,247,297 total parameters.
2025-07-08 20:44:47,329 [jt_RanPAC.py] => 0 training parameters.
2025-07-08 20:44:50,079 [jt_trainer.py] => Group Accuracies after this task: {'00-19': 97.17, '20-39': 97.58}
2025-07-08 20:44:50,079 [jt_trainer.py] => Ave Acc curve: [98.79, 97.38]
2025-07-08 20:44:50,079 [jt_trainer.py] => Top1 curve: [98.79, 97.36]
2025-07-08 20:44:50,080 [jt_RanPAC.py] => Starting CIL Task 3
2025-07-08 20:44:50,080 [jt_RanPAC.py] => Learning on classes 40-59
2025-07-08 20:46:07,381 [jt_RanPAC.py] => Optimal lambda: 10000000.0
2025-07-08 20:46:11,558 [jt_RanPAC.py] => 94,447,297 total parameters.
2025-07-08 20:46:11,560 [jt_RanPAC.py] => 0 training parameters.
2025-07-08 20:46:15,149 [jt_trainer.py] => Group Accuracies after this task: {'00-19': 93.52, '20-39': 97.1, '40-59': 93.58}
2025-07-08 20:46:15,149 [jt_trainer.py] => Ave Acc curve: [98.79, 97.38, 94.73]
2025-07-08 20:46:15,149 [jt_trainer.py] => Top1 curve: [98.79, 97.36, 94.64]
2025-07-08 20:46:15,149 [jt_RanPAC.py] => Starting CIL Task 4
2025-07-08 20:46:15,149 [jt_RanPAC.py] => Learning on classes 60-79
2025-07-08 20:47:32,884 [jt_RanPAC.py] => Optimal lambda: 10000000.0
2025-07-08 20:47:37,076 [jt_RanPAC.py] => 94,647,297 total parameters.
2025-07-08 20:47:37,077 [jt_RanPAC.py] => 0 training parameters.
2025-07-08 20:47:41,856 [jt_trainer.py] => Group Accuracies after this task: {'00-19': 91.09, '20-39': 96.14, '40-59': 92.2, '60-79': 95.14}
2025-07-08 20:47:41,856 [jt_trainer.py] => Ave Acc curve: [98.79, 97.38, 94.73, 93.64]
2025-07-08 20:47:41,856 [jt_trainer.py] => Top1 curve: [98.79, 97.36, 94.64, 93.58]
2025-07-08 20:47:41,856 [jt_RanPAC.py] => Starting CIL Task 5
2025-07-08 20:47:41,856 [jt_RanPAC.py] => Learning on classes 80-99
2025-07-08 20:48:59,205 [jt_RanPAC.py] => Optimal lambda: 10000000.0
2025-07-08 20:49:03,335 [jt_RanPAC.py] => 94,847,297 total parameters.
2025-07-08 20:49:03,337 [jt_RanPAC.py] => 0 training parameters.
2025-07-08 20:49:09,280 [jt_trainer.py] => Group Accuracies after this task: {'00-19': 90.28, '20-39': 95.17, '40-59': 92.2, '60-79': 94.33, '80-99': 92.94}
2025-07-08 20:49:09,280 [jt_trainer.py] => Ave Acc curve: [98.79, 97.38, 94.73, 93.64, 92.98]
2025-07-08 20:49:09,280 [jt_trainer.py] => Top1 curve: [98.79, 97.36, 94.64, 93.58, 92.93]
2025-07-08 20:49:09,280 [jt_RanPAC.py] => Starting CIL Task 6
2025-07-08 20:49:09,280 [jt_RanPAC.py] => Learning on classes 100-119
2025-07-08 20:50:26,822 [jt_RanPAC.py] => Optimal lambda: 10000000.0
2025-07-08 20:50:31,017 [jt_RanPAC.py] => 95,047,297 total parameters.
2025-07-08 20:50:31,019 [jt_RanPAC.py] => 0 training parameters.
2025-07-08 20:50:37,912 [jt_trainer.py] => Group Accuracies after this task: {'00-19': 89.07, '20-39': 94.69, '40-59': 91.28, '60-79': 90.28, '80-99': 92.19, '100-119': 89.91}
2025-07-08 20:50:37,912 [jt_trainer.py] => Ave Acc curve: [98.79, 97.38, 94.73, 93.64, 92.98, 91.24]
2025-07-08 20:50:37,912 [jt_trainer.py] => Top1 curve: [98.79, 97.36, 94.64, 93.58, 92.93, 91.17]
2025-07-08 20:50:37,913 [jt_RanPAC.py] => Starting CIL Task 7
2025-07-08 20:50:37,913 [jt_RanPAC.py] => Learning on classes 120-139
2025-07-08 20:51:55,434 [jt_RanPAC.py] => Optimal lambda: 10000000.0
2025-07-08 20:51:59,523 [jt_RanPAC.py] => 95,247,297 total parameters.
2025-07-08 20:51:59,524 [jt_RanPAC.py] => 0 training parameters.
2025-07-08 20:52:07,641 [jt_trainer.py] => Group Accuracies after this task: {'00-19': 89.07, '20-39': 94.2, '40-59': 89.91, '60-79': 90.28, '80-99': 91.82, '100-119': 89.91, '120-139': 87.56}
2025-07-08 20:52:07,641 [jt_trainer.py] => Ave Acc curve: [98.79, 97.38, 94.73, 93.64, 92.98, 91.24, 90.39]
2025-07-08 20:52:07,641 [jt_trainer.py] => Top1 curve: [98.79, 97.36, 94.64, 93.58, 92.93, 91.17, 90.37]
2025-07-08 20:52:07,641 [jt_RanPAC.py] => Starting CIL Task 8
2025-07-08 20:52:07,641 [jt_RanPAC.py] => Learning on classes 140-159
2025-07-08 20:53:25,125 [jt_RanPAC.py] => Optimal lambda: 10000000.0
2025-07-08 20:53:29,141 [jt_RanPAC.py] => 95,447,297 total parameters.
2025-07-08 20:53:29,143 [jt_RanPAC.py] => 0 training parameters.
2025-07-08 20:53:38,200 [jt_trainer.py] => Group Accuracies after this task: {'00-19': 89.47, '20-39': 93.72, '40-59': 90.37, '60-79': 90.28, '80-99': 91.08, '100-119': 89.04, '120-139': 87.11, '140-159': 90.4}
2025-07-08 20:53:38,200 [jt_trainer.py] => Ave Acc curve: [98.79, 97.38, 94.73, 93.64, 92.98, 91.24, 90.39, 90.18]
2025-07-08 20:53:38,200 [jt_trainer.py] => Top1 curve: [98.79, 97.36, 94.64, 93.58, 92.93, 91.17, 90.37, 90.16]
2025-07-08 20:53:38,201 [jt_RanPAC.py] => Starting CIL Task 9
2025-07-08 20:53:38,201 [jt_RanPAC.py] => Learning on classes 160-179
2025-07-08 20:54:55,815 [jt_RanPAC.py] => Optimal lambda: 10000000.0
2025-07-08 20:54:59,867 [jt_RanPAC.py] => 95,647,297 total parameters.
2025-07-08 20:54:59,868 [jt_RanPAC.py] => 0 training parameters.
2025-07-08 20:55:09,906 [jt_trainer.py] => Group Accuracies after this task: {'00-19': 89.07, '20-39': 92.27, '40-59': 89.45, '60-79': 89.07, '80-99': 90.71, '100-119': 88.6, '120-139': 87.56, '140-159': 90.4, '160-179': 89.87}
2025-07-08 20:55:09,906 [jt_trainer.py] => Ave Acc curve: [98.79, 97.38, 94.73, 93.64, 92.98, 91.24, 90.39, 90.18, 89.67]
2025-07-08 20:55:09,907 [jt_trainer.py] => Top1 curve: [98.79, 97.36, 94.64, 93.58, 92.93, 91.17, 90.37, 90.16, 89.66]
2025-07-08 20:55:09,907 [jt_RanPAC.py] => Starting CIL Task 10
2025-07-08 20:55:09,907 [jt_RanPAC.py] => Learning on classes 180-199
2025-07-08 20:56:27,277 [jt_RanPAC.py] => Optimal lambda: 10000000.0
2025-07-08 20:56:31,494 [jt_RanPAC.py] => 95,847,297 total parameters.
2025-07-08 20:56:31,495 [jt_RanPAC.py] => 0 training parameters.
2025-07-08 20:56:42,787 [jt_trainer.py] => Group Accuracies after this task: {'00-19': 88.66, '20-39': 90.82, '40-59': 88.99, '60-79': 87.85, '80-99': 90.71, '100-119': 89.04, '120-139': 86.67, '140-159': 89.6, '160-179': 89.45, '180-199': 84.78}
2025-07-08 20:56:42,788 [jt_trainer.py] => Ave Acc curve: [98.79, 97.38, 94.73, 93.64, 92.98, 91.24, 90.39, 90.18, 89.67, 88.66]
2025-07-08 20:56:42,788 [jt_trainer.py] => Top1 curve: [98.79, 97.36, 94.64, 93.58, 92.93, 91.17, 90.37, 90.16, 89.66, 88.68]
2025-07-08 20:56:42,788 [jt_trainer.py] => Finishing run
2025-07-08 20:56:42,788 [jt_trainer.py] => 
