2025-07-08 20:35:38,590 [trainer.py] => Starting new run
2025-07-08 20:35:38,593 [trainer.py] => ID: 17
2025-07-08 20:35:38,593 [trainer.py] => dataset: cub
2025-07-08 20:35:38,593 [trainer.py] => shuffle: True
2025-07-08 20:35:38,593 [trainer.py] => init_cls: 20
2025-07-08 20:35:38,593 [trainer.py] => increment: 20
2025-07-08 20:35:38,593 [trainer.py] => model_name: lora
2025-07-08 20:35:38,593 [trainer.py] => convnet_type: pretrained_vit_b16_224_lora
2025-07-08 20:35:38,593 [trainer.py] => device: [device(type='cuda', index=0)]
2025-07-08 20:35:38,594 [trainer.py] => seed: 1993
2025-07-08 20:35:38,594 [trainer.py] => batch_size: 48
2025-07-08 20:35:38,594 [trainer.py] => tuned_epoch: 20
2025-07-08 20:35:38,594 [trainer.py] => body_lr: 0.01
2025-07-08 20:35:38,594 [trainer.py] => head_lr: 0.01
2025-07-08 20:35:38,594 [trainer.py] => weight_decay: 0.0005
2025-07-08 20:35:38,594 [trainer.py] => min_lr: 0.0
2025-07-08 20:35:38,594 [trainer.py] => use_RP: True
2025-07-08 20:35:38,594 [trainer.py] => M: 10000
2025-07-08 20:35:38,594 [trainer.py] => use_input_norm: False
2025-07-08 20:35:38,594 [trainer.py] => do_not_save: False
2025-07-08 21:17:45,855 [trainer.py] => Starting new run
2025-07-08 21:17:45,857 [trainer.py] => ID: 17
2025-07-08 21:17:45,857 [trainer.py] => dataset: cub
2025-07-08 21:17:45,857 [trainer.py] => shuffle: True
2025-07-08 21:17:45,857 [trainer.py] => init_cls: 20
2025-07-08 21:17:45,857 [trainer.py] => increment: 20
2025-07-08 21:17:45,857 [trainer.py] => model_name: lora
2025-07-08 21:17:45,857 [trainer.py] => convnet_type: pretrained_vit_b16_224_lora
2025-07-08 21:17:45,858 [trainer.py] => device: [device(type='cuda', index=0)]
2025-07-08 21:17:45,858 [trainer.py] => seed: 1993
2025-07-08 21:17:45,858 [trainer.py] => batch_size: 48
2025-07-08 21:17:45,858 [trainer.py] => tuned_epoch: 20
2025-07-08 21:17:45,858 [trainer.py] => body_lr: 0.01
2025-07-08 21:17:45,858 [trainer.py] => head_lr: 0.01
2025-07-08 21:17:45,858 [trainer.py] => weight_decay: 0.0005
2025-07-08 21:17:45,858 [trainer.py] => min_lr: 0.0
2025-07-08 21:17:45,858 [trainer.py] => use_RP: True
2025-07-08 21:17:45,858 [trainer.py] => M: 10000
2025-07-08 21:17:45,858 [trainer.py] => use_input_norm: False
2025-07-08 21:17:45,858 [trainer.py] => do_not_save: False
2025-07-08 21:17:47,917 [data_manager.py] => Class Order: [168,136,51,9,183,101,171,99,42,159,191,70,16,188,27,10,175,26,68,187,98,6,85,35,112,43,100,0,103,181,88,59,4,2,116,174,94,80,106,1,147,17,141,131,72,23,173,54,197,118,87,32,79,104,91,19,135,107,178,36,11,199,142,8,122,3,28,57,153,172,190,56,49,44,97,62,151,169,194,55,192,12,189,78,66,180,15,137,109,134,92,119,126,52,170,40,148,65,144,64,138,45,77,89,154,90,71,193,74,30,113,143,96,84,67,50,186,156,69,21,18,111,108,58,125,157,150,110,182,129,166,83,81,60,13,165,14,176,63,117,5,22,145,121,38,41,82,127,114,20,31,53,37,163,196,130,152,162,86,76,24,34,184,149,33,128,198,155,146,167,139,120,140,102,47,25,158,123,46,164,61,7,115,75,133,160,105,132,179,124,48,73,93,39,95,195,29,177,185,161]
2025-07-08 21:17:47,945 [trainer.py] => Pre-trained network parameters: 86167296
2025-07-08 21:17:48,038 [RanPAC.py] => Starting CIL Task 1
2025-07-08 21:17:48,039 [RanPAC.py] => Learning on classes 0-19
2025-07-08 21:17:48,111 [RanPAC.py] => 86,182,657 total parameters.
2025-07-08 21:17:48,111 [RanPAC.py] => 384,001 training parameters.
2025-07-08 21:17:48,112 [RanPAC.py] => Starting PETL training on first task using lora method
2025-07-08 21:36:01,722 [RanPAC.py] => Task 0, Epoch 20/20 => Loss 0.557, Train_accy 92.60, Test_accy 98.38
2025-07-08 21:37:03,763 [RanPAC.py] => Optimal lambda: 1000000.0
2025-07-08 21:37:05,621 [RanPAC.py] => 86,367,297 total parameters.
2025-07-08 21:37:05,621 [RanPAC.py] => 200,001 training parameters.
2025-07-08 21:37:29,534 [trainer.py] => Group Accuracies after this task: {'00-19': 98.79}
2025-07-08 21:37:29,534 [trainer.py] => Ave Acc curve: [98.79]
2025-07-08 21:37:29,534 [trainer.py] => Top1 curve: [98.79]
2025-07-08 21:37:29,535 [RanPAC.py] => Starting CIL Task 2
2025-07-08 21:37:29,535 [RanPAC.py] => Learning on classes 20-39
2025-07-08 21:38:30,882 [RanPAC.py] => Optimal lambda: 1000000.0
2025-07-08 21:38:32,753 [RanPAC.py] => 86,567,297 total parameters.
2025-07-08 21:38:32,754 [RanPAC.py] => 400,001 training parameters.
2025-07-08 21:38:57,499 [trainer.py] => Group Accuracies after this task: {'00-19': 97.98, '20-39': 97.58}
2025-07-08 21:38:57,499 [trainer.py] => Ave Acc curve: [98.79, 97.78]
2025-07-08 21:38:57,499 [trainer.py] => Top1 curve: [98.79, 97.8]
2025-07-08 21:38:57,499 [RanPAC.py] => Starting CIL Task 3
2025-07-08 21:38:57,500 [RanPAC.py] => Learning on classes 40-59
2025-07-08 21:39:59,112 [RanPAC.py] => Optimal lambda: 1000000.0
2025-07-08 21:40:00,977 [RanPAC.py] => 86,767,297 total parameters.
2025-07-08 21:40:00,978 [RanPAC.py] => 600,001 training parameters.
2025-07-08 21:40:26,744 [trainer.py] => Group Accuracies after this task: {'00-19': 95.14, '20-39': 98.07, '40-59': 93.12}
2025-07-08 21:40:26,744 [trainer.py] => Ave Acc curve: [98.79, 97.78, 95.44]
2025-07-08 21:40:26,744 [trainer.py] => Top1 curve: [98.79, 97.8, 95.39]
2025-07-08 21:40:26,745 [RanPAC.py] => Starting CIL Task 4
2025-07-08 21:40:26,745 [RanPAC.py] => Learning on classes 60-79
2025-07-08 21:41:28,393 [RanPAC.py] => Optimal lambda: 1000000.0
2025-07-08 21:41:30,246 [RanPAC.py] => 86,967,297 total parameters.
2025-07-08 21:41:30,246 [RanPAC.py] => 800,001 training parameters.
2025-07-08 21:41:56,910 [trainer.py] => Group Accuracies after this task: {'00-19': 92.31, '20-39': 97.58, '40-59': 92.2, '60-79': 94.74}
2025-07-08 21:41:56,910 [trainer.py] => Ave Acc curve: [98.79, 97.78, 95.44, 94.21]
2025-07-08 21:41:56,910 [trainer.py] => Top1 curve: [98.79, 97.8, 95.39, 94.12]
2025-07-08 21:41:56,911 [RanPAC.py] => Starting CIL Task 5
2025-07-08 21:41:56,911 [RanPAC.py] => Learning on classes 80-99
2025-07-08 21:42:58,426 [RanPAC.py] => Optimal lambda: 1000000.0
2025-07-08 21:43:00,285 [RanPAC.py] => 87,167,297 total parameters.
2025-07-08 21:43:00,286 [RanPAC.py] => 1,000,001 training parameters.
2025-07-08 21:43:27,989 [trainer.py] => Group Accuracies after this task: {'00-19': 90.69, '20-39': 96.62, '40-59': 91.74, '60-79': 94.33, '80-99': 94.05}
2025-07-08 21:43:27,989 [trainer.py] => Ave Acc curve: [98.79, 97.78, 95.44, 94.21, 93.49]
2025-07-08 21:43:27,989 [trainer.py] => Top1 curve: [98.79, 97.8, 95.39, 94.12, 93.43]
2025-07-08 21:43:27,990 [RanPAC.py] => Starting CIL Task 6
2025-07-08 21:43:27,990 [RanPAC.py] => Learning on classes 100-119
2025-07-08 21:44:29,538 [RanPAC.py] => Optimal lambda: 1000000.0
2025-07-08 21:44:31,425 [RanPAC.py] => 87,367,297 total parameters.
2025-07-08 21:44:31,425 [RanPAC.py] => 1,200,001 training parameters.
2025-07-08 21:45:00,060 [trainer.py] => Group Accuracies after this task: {'00-19': 90.28, '20-39': 96.14, '40-59': 91.74, '60-79': 92.31, '80-99': 94.05, '100-119': 93.42}
2025-07-08 21:45:00,060 [trainer.py] => Ave Acc curve: [98.79, 97.78, 95.44, 94.21, 93.49, 92.99]
2025-07-08 21:45:00,060 [trainer.py] => Top1 curve: [98.79, 97.8, 95.39, 94.12, 93.43, 92.94]
2025-07-08 21:45:00,085 [RanPAC.py] => Starting CIL Task 7
2025-07-08 21:45:00,085 [RanPAC.py] => Learning on classes 120-139
2025-07-08 21:46:01,795 [RanPAC.py] => Optimal lambda: 1000000.0
2025-07-08 21:46:03,680 [RanPAC.py] => 87,567,297 total parameters.
2025-07-08 21:46:03,680 [RanPAC.py] => 1,400,001 training parameters.
2025-07-08 21:46:33,324 [trainer.py] => Group Accuracies after this task: {'00-19': 89.88, '20-39': 95.17, '40-59': 88.99, '60-79': 91.09, '80-99': 93.31, '100-119': 92.98, '120-139': 91.11}
2025-07-08 21:46:33,325 [trainer.py] => Ave Acc curve: [98.79, 97.78, 95.44, 94.21, 93.49, 92.99, 91.79]
2025-07-08 21:46:33,325 [trainer.py] => Top1 curve: [98.79, 97.8, 95.39, 94.12, 93.43, 92.94, 91.77]
2025-07-08 21:46:33,350 [RanPAC.py] => Starting CIL Task 8
2025-07-08 21:46:33,350 [RanPAC.py] => Learning on classes 140-159
2025-07-08 21:47:34,840 [RanPAC.py] => Optimal lambda: 1000000.0
2025-07-08 21:47:36,702 [RanPAC.py] => 87,767,297 total parameters.
2025-07-08 21:47:36,703 [RanPAC.py] => 1,600,001 training parameters.
2025-07-08 21:48:07,318 [trainer.py] => Group Accuracies after this task: {'00-19': 89.47, '20-39': 95.17, '40-59': 89.91, '60-79': 90.69, '80-99': 92.94, '100-119': 92.54, '120-139': 91.11, '140-159': 91.2}
2025-07-08 21:48:07,318 [trainer.py] => Ave Acc curve: [98.79, 97.78, 95.44, 94.21, 93.49, 92.99, 91.79, 91.63]
2025-07-08 21:48:07,318 [trainer.py] => Top1 curve: [98.79, 97.8, 95.39, 94.12, 93.43, 92.94, 91.77, 91.59]
2025-07-08 21:48:07,342 [RanPAC.py] => Starting CIL Task 9
2025-07-08 21:48:07,342 [RanPAC.py] => Learning on classes 160-179
2025-07-08 21:49:09,032 [RanPAC.py] => Optimal lambda: 1000000.0
2025-07-08 21:49:10,892 [RanPAC.py] => 87,967,297 total parameters.
2025-07-08 21:49:10,892 [RanPAC.py] => 1,800,001 training parameters.
2025-07-08 21:49:42,437 [trainer.py] => Group Accuracies after this task: {'00-19': 89.07, '20-39': 95.17, '40-59': 89.91, '60-79': 89.88, '80-99': 92.57, '100-119': 91.23, '120-139': 90.67, '140-159': 90.4, '160-179': 92.83}
2025-07-08 21:49:42,437 [trainer.py] => Ave Acc curve: [98.79, 97.78, 95.44, 94.21, 93.49, 92.99, 91.79, 91.63, 91.3]
2025-07-08 21:49:42,437 [trainer.py] => Top1 curve: [98.79, 97.8, 95.39, 94.12, 93.43, 92.94, 91.77, 91.59, 91.26]
2025-07-08 21:49:42,438 [RanPAC.py] => Starting CIL Task 10
2025-07-08 21:49:42,438 [RanPAC.py] => Learning on classes 180-199
2025-07-08 21:50:44,040 [RanPAC.py] => Optimal lambda: 1000000.0
2025-07-08 21:50:45,921 [RanPAC.py] => 88,167,297 total parameters.
2025-07-08 21:50:45,921 [RanPAC.py] => 2,000,001 training parameters.
2025-07-08 21:51:18,361 [trainer.py] => Group Accuracies after this task: {'00-19': 89.47, '20-39': 92.75, '40-59': 89.45, '60-79': 89.88, '80-99': 92.19, '100-119': 91.67, '120-139': 90.67, '140-159': 90.0, '160-179': 92.83, '180-199': 88.7}
2025-07-08 21:51:18,361 [trainer.py] => Ave Acc curve: [98.79, 97.78, 95.44, 94.21, 93.49, 92.99, 91.79, 91.63, 91.3, 90.76]
2025-07-08 21:51:18,361 [trainer.py] => Top1 curve: [98.79, 97.8, 95.39, 94.12, 93.43, 92.94, 91.77, 91.59, 91.26, 90.75]
2025-07-08 21:51:18,361 [trainer.py] => Finishing run
2025-07-08 21:51:18,361 [trainer.py] => 
