2025-07-08 15:25:19,397 [trainer.py] => Starting new run
2025-07-08 15:25:19,400 [trainer.py] => ID: 7
2025-07-08 15:25:19,400 [trainer.py] => dataset: cub
2025-07-08 15:25:19,400 [trainer.py] => shuffle: True
2025-07-08 15:25:19,400 [trainer.py] => init_cls: 20
2025-07-08 15:25:19,400 [trainer.py] => increment: 20
2025-07-08 15:25:19,400 [trainer.py] => model_name: adapter
2025-07-08 15:25:19,400 [trainer.py] => convnet_type: pretrained_vit_b16_224_adapter
2025-07-08 15:25:19,400 [trainer.py] => device: [device(type='cuda', index=0)]
2025-07-08 15:25:19,400 [trainer.py] => seed: 1993
2025-07-08 15:25:19,400 [trainer.py] => batch_size: 48
2025-07-08 15:25:19,400 [trainer.py] => tuned_epoch: 20
2025-07-08 15:25:19,400 [trainer.py] => body_lr: 0.01
2025-07-08 15:25:19,400 [trainer.py] => head_lr: 0.01
2025-07-08 15:25:19,400 [trainer.py] => weight_decay: 0.0005
2025-07-08 15:25:19,400 [trainer.py] => min_lr: 0.0
2025-07-08 15:25:19,400 [trainer.py] => use_RP: True
2025-07-08 15:25:19,400 [trainer.py] => M: 10000
2025-07-08 15:25:19,400 [trainer.py] => use_input_norm: False
2025-07-08 15:25:19,400 [trainer.py] => do_not_save: False
2025-07-08 15:25:21,246 [data_manager.py] => Class Order: [168,136,51,9,183,101,171,99,42,159,191,70,16,188,27,10,175,26,68,187,98,6,85,35,112,43,100,0,103,181,88,59,4,2,116,174,94,80,106,1,147,17,141,131,72,23,173,54,197,118,87,32,79,104,91,19,135,107,178,36,11,199,142,8,122,3,28,57,153,172,190,56,49,44,97,62,151,169,194,55,192,12,189,78,66,180,15,137,109,134,92,119,126,52,170,40,148,65,144,64,138,45,77,89,154,90,71,193,74,30,113,143,96,84,67,50,186,156,69,21,18,111,108,58,125,157,150,110,182,129,166,83,81,60,13,165,14,176,63,117,5,22,145,121,38,41,82,127,114,20,31,53,37,163,196,130,152,162,86,76,24,34,184,149,33,128,198,155,146,167,139,120,140,102,47,25,158,123,46,164,61,7,115,75,133,160,105,132,179,124,48,73,93,39,95,195,29,177,185,161]
2025-07-08 15:25:21,276 [trainer.py] => Pre-trained network parameters: 86988288
2025-07-08 15:25:21,372 [RanPAC.py] => Starting CIL Task 1
2025-07-08 15:25:21,372 [RanPAC.py] => Learning on classes 0-19
2025-07-08 15:25:21,444 [RanPAC.py] => 87,003,649 total parameters.
2025-07-08 15:25:21,445 [RanPAC.py] => 1,204,993 training parameters.
2025-07-08 15:25:21,446 [RanPAC.py] => Starting PETL training on first task using adapter method
2025-07-08 15:42:57,502 [RanPAC.py] => Task 0, Epoch 20/20 => Loss 0.682, Train_accy 92.07, Test_accy 98.38
2025-07-08 15:43:58,922 [RanPAC.py] => Optimal lambda: 1000000.0
2025-07-08 15:44:00,763 [RanPAC.py] => 87,188,289 total parameters.
2025-07-08 15:44:00,764 [RanPAC.py] => 200,001 training parameters.
2025-07-08 15:44:24,302 [trainer.py] => Group Accuracies after this task: {'00-19': 98.38}
2025-07-08 15:44:24,302 [trainer.py] => Ave Acc curve: [98.38]
2025-07-08 15:44:24,302 [trainer.py] => Top1 curve: [98.38]
2025-07-08 15:44:24,303 [RanPAC.py] => Starting CIL Task 2
2025-07-08 15:44:24,303 [RanPAC.py] => Learning on classes 20-39
2025-07-08 15:45:25,021 [RanPAC.py] => Optimal lambda: 1000000.0
2025-07-08 15:45:26,876 [RanPAC.py] => 87,388,289 total parameters.
2025-07-08 15:45:26,876 [RanPAC.py] => 400,001 training parameters.
2025-07-08 15:45:51,231 [trainer.py] => Group Accuracies after this task: {'00-19': 97.98, '20-39': 97.58}
2025-07-08 15:45:51,231 [trainer.py] => Ave Acc curve: [98.38, 97.78]
2025-07-08 15:45:51,231 [trainer.py] => Top1 curve: [98.38, 97.8]
2025-07-08 15:45:51,232 [RanPAC.py] => Starting CIL Task 3
2025-07-08 15:45:51,232 [RanPAC.py] => Learning on classes 40-59
2025-07-08 15:46:52,000 [RanPAC.py] => Optimal lambda: 1000000.0
2025-07-08 15:46:53,841 [RanPAC.py] => 87,588,289 total parameters.
2025-07-08 15:46:53,841 [RanPAC.py] => 600,001 training parameters.
2025-07-08 15:47:18,983 [trainer.py] => Group Accuracies after this task: {'00-19': 94.74, '20-39': 97.58, '40-59': 93.58}
2025-07-08 15:47:18,983 [trainer.py] => Ave Acc curve: [98.38, 97.78, 95.3]
2025-07-08 15:47:18,984 [trainer.py] => Top1 curve: [98.38, 97.8, 95.24]
2025-07-08 15:47:18,984 [RanPAC.py] => Starting CIL Task 4
2025-07-08 15:47:18,984 [RanPAC.py] => Learning on classes 60-79
2025-07-08 15:48:19,801 [RanPAC.py] => Optimal lambda: 1000000.0
2025-07-08 15:48:21,634 [RanPAC.py] => 87,788,289 total parameters.
2025-07-08 15:48:21,635 [RanPAC.py] => 800,001 training parameters.
2025-07-08 15:48:47,622 [trainer.py] => Group Accuracies after this task: {'00-19': 91.9, '20-39': 96.62, '40-59': 91.74, '60-79': 94.33}
2025-07-08 15:48:47,623 [trainer.py] => Ave Acc curve: [98.38, 97.78, 95.3, 93.65]
2025-07-08 15:48:47,623 [trainer.py] => Top1 curve: [98.38, 97.8, 95.24, 93.58]
2025-07-08 15:48:47,624 [RanPAC.py] => Starting CIL Task 5
2025-07-08 15:48:47,624 [RanPAC.py] => Learning on classes 80-99
2025-07-08 15:49:48,282 [RanPAC.py] => Optimal lambda: 1000000.0
2025-07-08 15:49:50,157 [RanPAC.py] => 87,988,289 total parameters.
2025-07-08 15:49:50,158 [RanPAC.py] => 1,000,001 training parameters.
2025-07-08 15:50:17,201 [trainer.py] => Group Accuracies after this task: {'00-19': 90.28, '20-39': 95.65, '40-59': 91.74, '60-79': 93.52, '80-99': 94.05}
2025-07-08 15:50:17,201 [trainer.py] => Ave Acc curve: [98.38, 97.78, 95.3, 93.65, 93.05]
2025-07-08 15:50:17,201 [trainer.py] => Top1 curve: [98.38, 97.8, 95.24, 93.58, 93.01]
2025-07-08 15:50:17,202 [RanPAC.py] => Starting CIL Task 6
2025-07-08 15:50:17,202 [RanPAC.py] => Learning on classes 100-119
2025-07-08 15:51:18,129 [RanPAC.py] => Optimal lambda: 1000000.0
2025-07-08 15:51:19,965 [RanPAC.py] => 88,188,289 total parameters.
2025-07-08 15:51:19,966 [RanPAC.py] => 1,200,001 training parameters.
2025-07-08 15:51:47,983 [trainer.py] => Group Accuracies after this task: {'00-19': 89.47, '20-39': 95.17, '40-59': 92.66, '60-79': 90.69, '80-99': 92.19, '100-119': 94.3}
2025-07-08 15:51:47,983 [trainer.py] => Ave Acc curve: [98.38, 97.78, 95.3, 93.65, 93.05, 92.41]
2025-07-08 15:51:47,983 [trainer.py] => Top1 curve: [98.38, 97.8, 95.24, 93.58, 93.01, 92.3]
2025-07-08 15:51:47,987 [RanPAC.py] => Starting CIL Task 7
2025-07-08 15:51:47,987 [RanPAC.py] => Learning on classes 120-139
2025-07-08 15:52:49,304 [RanPAC.py] => Optimal lambda: 1000000.0
2025-07-08 15:52:51,180 [RanPAC.py] => 88,388,289 total parameters.
2025-07-08 15:52:51,181 [RanPAC.py] => 1,400,001 training parameters.
2025-07-08 15:53:19,786 [trainer.py] => Group Accuracies after this task: {'00-19': 89.07, '20-39': 94.69, '40-59': 90.83, '60-79': 90.28, '80-99': 92.57, '100-119': 94.3, '120-139': 91.11}
2025-07-08 15:53:19,786 [trainer.py] => Ave Acc curve: [98.38, 97.78, 95.3, 93.65, 93.05, 92.41, 91.84]
2025-07-08 15:53:19,786 [trainer.py] => Top1 curve: [98.38, 97.8, 95.24, 93.58, 93.01, 92.3, 91.77]
2025-07-08 15:53:19,811 [RanPAC.py] => Starting CIL Task 8
2025-07-08 15:53:19,811 [RanPAC.py] => Learning on classes 140-159
2025-07-08 15:54:20,908 [RanPAC.py] => Optimal lambda: 1000000.0
2025-07-08 15:54:22,781 [RanPAC.py] => 88,588,289 total parameters.
2025-07-08 15:54:22,782 [RanPAC.py] => 1,600,001 training parameters.
2025-07-08 15:54:52,405 [trainer.py] => Group Accuracies after this task: {'00-19': 87.85, '20-39': 94.2, '40-59': 90.37, '60-79': 89.88, '80-99': 91.45, '100-119': 93.86, '120-139': 89.78, '140-159': 90.8}
2025-07-08 15:54:52,405 [trainer.py] => Ave Acc curve: [98.38, 97.78, 95.3, 93.65, 93.05, 92.41, 91.84, 91.02]
2025-07-08 15:54:52,405 [trainer.py] => Top1 curve: [98.38, 97.8, 95.24, 93.58, 93.01, 92.3, 91.77, 90.96]
2025-07-08 15:54:52,432 [RanPAC.py] => Starting CIL Task 9
2025-07-08 15:54:52,432 [RanPAC.py] => Learning on classes 160-179
2025-07-08 15:55:54,038 [RanPAC.py] => Optimal lambda: 1000000.0
2025-07-08 15:55:55,902 [RanPAC.py] => 88,788,289 total parameters.
2025-07-08 15:55:55,903 [RanPAC.py] => 1,800,001 training parameters.
2025-07-08 15:56:26,182 [trainer.py] => Group Accuracies after this task: {'00-19': 87.45, '20-39': 94.2, '40-59': 89.91, '60-79': 90.69, '80-99': 91.45, '100-119': 93.42, '120-139': 89.78, '140-159': 90.4, '160-179': 92.41}
2025-07-08 15:56:26,182 [trainer.py] => Ave Acc curve: [98.38, 97.78, 95.3, 93.65, 93.05, 92.41, 91.84, 91.02, 91.08]
2025-07-08 15:56:26,182 [trainer.py] => Top1 curve: [98.38, 97.8, 95.24, 93.58, 93.01, 92.3, 91.77, 90.96, 91.02]
2025-07-08 15:56:26,184 [RanPAC.py] => Starting CIL Task 10
2025-07-08 15:56:26,184 [RanPAC.py] => Learning on classes 180-199
2025-07-08 15:57:27,268 [RanPAC.py] => Optimal lambda: 1000000.0
2025-07-08 15:57:29,135 [RanPAC.py] => 88,988,289 total parameters.
2025-07-08 15:57:29,136 [RanPAC.py] => 2,000,001 training parameters.
2025-07-08 15:58:00,209 [trainer.py] => Group Accuracies after this task: {'00-19': 86.64, '20-39': 91.79, '40-59': 89.91, '60-79': 89.47, '80-99': 91.08, '100-119': 92.98, '120-139': 88.89, '140-159': 90.0, '160-179': 90.72, '180-199': 87.39}
2025-07-08 15:58:00,209 [trainer.py] => Ave Acc curve: [98.38, 97.78, 95.3, 93.65, 93.05, 92.41, 91.84, 91.02, 91.08, 89.89]
2025-07-08 15:58:00,209 [trainer.py] => Top1 curve: [98.38, 97.8, 95.24, 93.58, 93.01, 92.3, 91.77, 90.96, 91.02, 89.86]
2025-07-08 15:58:00,209 [trainer.py] => Finishing run
2025-07-08 15:58:00,209 [trainer.py] => 
