2025-07-08 18:21:48,877 [jt_trainer.py] => Starting new run
2025-07-08 18:21:48,877 [jt_trainer.py] => ID: 7
2025-07-08 18:21:48,877 [jt_trainer.py] => dataset: cub
2025-07-08 18:21:48,877 [jt_trainer.py] => shuffle: True
2025-07-08 18:21:48,878 [jt_trainer.py] => init_cls: 20
2025-07-08 18:21:48,878 [jt_trainer.py] => increment: 20
2025-07-08 18:21:48,878 [jt_trainer.py] => model_name: adapter
2025-07-08 18:21:48,878 [jt_trainer.py] => convnet_type: pretrained_vit_b16_224_adapter
2025-07-08 18:21:48,878 [jt_trainer.py] => device: ['cuda:0']
2025-07-08 18:21:48,878 [jt_trainer.py] => seed: 1993
2025-07-08 18:21:48,878 [jt_trainer.py] => batch_size: 48
2025-07-08 18:21:48,878 [jt_trainer.py] => tuned_epoch: 20
2025-07-08 18:21:48,878 [jt_trainer.py] => body_lr: 0.01
2025-07-08 18:21:48,878 [jt_trainer.py] => head_lr: 0.01
2025-07-08 18:21:48,878 [jt_trainer.py] => weight_decay: 0.0005
2025-07-08 18:21:48,878 [jt_trainer.py] => min_lr: 0.0
2025-07-08 18:21:48,878 [jt_trainer.py] => use_RP: True
2025-07-08 18:21:48,878 [jt_trainer.py] => M: 10000
2025-07-08 18:21:48,878 [jt_trainer.py] => use_input_norm: False
2025-07-08 18:21:48,878 [jt_trainer.py] => do_not_save: False
2025-07-08 18:21:49,635 [data_manager.py] => Class Order: [168,136,51,9,183,101,171,99,42,159,191,70,16,188,27,10,175,26,68,187,98,6,85,35,112,43,100,0,103,181,88,59,4,2,116,174,94,80,106,1,147,17,141,131,72,23,173,54,197,118,87,32,79,104,91,19,135,107,178,36,11,199,142,8,122,3,28,57,153,172,190,56,49,44,97,62,151,169,194,55,192,12,189,78,66,180,15,137,109,134,92,119,126,52,170,40,148,65,144,64,138,45,77,89,154,90,71,193,74,30,113,143,96,84,67,50,186,156,69,21,18,111,108,58,125,157,150,110,182,129,166,83,81,60,13,165,14,176,63,117,5,22,145,121,38,41,82,127,114,20,31,53,37,163,196,130,152,162,86,76,24,34,184,149,33,128,198,155,146,167,139,120,140,102,47,25,158,123,46,164,61,7,115,75,133,160,105,132,179,124,48,73,93,39,95,195,29,177,185,161]
2025-07-08 18:21:49,709 [jt_trainer.py] => Pre-trained network parameters: 86988288
2025-07-08 18:21:49,942 [jt_RanPAC.py] => Starting CIL Task 1
2025-07-08 18:21:49,943 [jt_RanPAC.py] => Learning on classes 0-19
2025-07-08 18:21:49,945 [jt_RanPAC.py] => 87,003,649 total parameters.
2025-07-08 18:21:49,946 [jt_RanPAC.py] => 1,204,993 training parameters.
2025-07-08 18:21:49,948 [jt_RanPAC.py] => Starting PETL training on first task using adapter method
2025-07-08 18:24:36,008 [jt_RanPAC.py] => Task 0, Epoch 20/20 => Loss 0.661, Train_accy [93.87], Test_accy [99.19]
2025-07-08 18:25:52,157 [jt_RanPAC.py] => Optimal lambda: 1000000.0
2025-07-08 18:25:56,303 [jt_RanPAC.py] => 94,868,289 total parameters.
2025-07-08 18:25:56,304 [jt_RanPAC.py] => 7,680,000 training parameters.
2025-07-08 18:25:58,005 [jt_trainer.py] => Group Accuracies after this task: {'00-19': 99.19}
2025-07-08 18:25:58,005 [jt_trainer.py] => Ave Acc curve: [99.19]
2025-07-08 18:25:58,005 [jt_trainer.py] => Top1 curve: [99.19]
2025-07-08 18:25:58,005 [jt_RanPAC.py] => Starting CIL Task 2
2025-07-08 18:25:58,005 [jt_RanPAC.py] => Learning on classes 20-39
2025-07-08 18:27:13,915 [jt_RanPAC.py] => Optimal lambda: 1000000.0
2025-07-08 18:27:18,032 [jt_RanPAC.py] => 95,068,289 total parameters.
2025-07-08 18:27:18,034 [jt_RanPAC.py] => 0 training parameters.
2025-07-08 18:27:20,573 [jt_trainer.py] => Group Accuracies after this task: {'00-19': 98.38, '20-39': 97.58}
2025-07-08 18:27:20,573 [jt_trainer.py] => Ave Acc curve: [99.19, 97.98]
2025-07-08 18:27:20,573 [jt_trainer.py] => Top1 curve: [99.19, 98.02]
2025-07-08 18:27:20,573 [jt_RanPAC.py] => Starting CIL Task 3
2025-07-08 18:27:20,573 [jt_RanPAC.py] => Learning on classes 40-59
2025-07-08 18:28:36,295 [jt_RanPAC.py] => Optimal lambda: 1000000.0
2025-07-08 18:28:40,408 [jt_RanPAC.py] => 95,268,289 total parameters.
2025-07-08 18:28:40,410 [jt_RanPAC.py] => 0 training parameters.
2025-07-08 18:28:43,666 [jt_trainer.py] => Group Accuracies after this task: {'00-19': 94.33, '20-39': 97.58, '40-59': 94.95}
2025-07-08 18:28:43,666 [jt_trainer.py] => Ave Acc curve: [99.19, 97.98, 95.62]
2025-07-08 18:28:43,666 [jt_trainer.py] => Top1 curve: [99.19, 98.02, 95.54]
2025-07-08 18:28:43,666 [jt_RanPAC.py] => Starting CIL Task 4
2025-07-08 18:28:43,666 [jt_RanPAC.py] => Learning on classes 60-79
2025-07-08 18:29:59,089 [jt_RanPAC.py] => Optimal lambda: 1000000.0
2025-07-08 18:30:03,283 [jt_RanPAC.py] => 95,468,289 total parameters.
2025-07-08 18:30:03,285 [jt_RanPAC.py] => 0 training parameters.
2025-07-08 18:30:06,947 [jt_trainer.py] => Group Accuracies after this task: {'00-19': 91.9, '20-39': 97.1, '40-59': 93.12, '60-79': 93.52}
2025-07-08 18:30:06,947 [jt_trainer.py] => Ave Acc curve: [99.19, 97.98, 95.62, 93.91]
2025-07-08 18:30:06,947 [jt_trainer.py] => Top1 curve: [99.19, 98.02, 95.54, 93.8]
2025-07-08 18:30:06,947 [jt_RanPAC.py] => Starting CIL Task 5
2025-07-08 18:30:06,947 [jt_RanPAC.py] => Learning on classes 80-99
2025-07-08 18:31:23,085 [jt_RanPAC.py] => Optimal lambda: 1000000.0
2025-07-08 18:31:26,713 [jt_RanPAC.py] => 95,668,289 total parameters.
2025-07-08 18:31:26,715 [jt_RanPAC.py] => 0 training parameters.
2025-07-08 18:31:31,875 [jt_trainer.py] => Group Accuracies after this task: {'00-19': 90.28, '20-39': 96.14, '40-59': 92.66, '60-79': 93.52, '80-99': 93.31}
2025-07-08 18:31:31,875 [jt_trainer.py] => Ave Acc curve: [99.19, 97.98, 95.62, 93.91, 93.18]
2025-07-08 18:31:31,875 [jt_trainer.py] => Top1 curve: [99.19, 98.02, 95.54, 93.8, 93.1]
2025-07-08 18:31:31,875 [jt_RanPAC.py] => Starting CIL Task 6
2025-07-08 18:31:31,875 [jt_RanPAC.py] => Learning on classes 100-119
2025-07-08 18:32:47,984 [jt_RanPAC.py] => Optimal lambda: 1000000.0
2025-07-08 18:32:52,067 [jt_RanPAC.py] => 95,868,289 total parameters.
2025-07-08 18:32:52,068 [jt_RanPAC.py] => 0 training parameters.
2025-07-08 18:32:58,084 [jt_trainer.py] => Group Accuracies after this task: {'00-19': 89.88, '20-39': 96.14, '40-59': 93.58, '60-79': 90.69, '80-99': 92.94, '100-119': 92.54}
2025-07-08 18:32:58,084 [jt_trainer.py] => Ave Acc curve: [99.19, 97.98, 95.62, 93.91, 93.18, 92.63]
2025-07-08 18:32:58,085 [jt_trainer.py] => Top1 curve: [99.19, 98.02, 95.54, 93.8, 93.1, 92.51]
2025-07-08 18:32:58,085 [jt_RanPAC.py] => Starting CIL Task 7
2025-07-08 18:32:58,085 [jt_RanPAC.py] => Learning on classes 120-139
2025-07-08 18:34:13,322 [jt_RanPAC.py] => Optimal lambda: 1000000.0
2025-07-08 18:34:17,453 [jt_RanPAC.py] => 96,068,289 total parameters.
2025-07-08 18:34:17,455 [jt_RanPAC.py] => 0 training parameters.
2025-07-08 18:34:24,284 [jt_trainer.py] => Group Accuracies after this task: {'00-19': 88.66, '20-39': 96.14, '40-59': 91.74, '60-79': 89.88, '80-99': 92.94, '100-119': 92.54, '120-139': 89.78}
2025-07-08 18:34:24,284 [jt_trainer.py] => Ave Acc curve: [99.19, 97.98, 95.62, 93.91, 93.18, 92.63, 91.67]
2025-07-08 18:34:24,284 [jt_trainer.py] => Top1 curve: [99.19, 98.02, 95.54, 93.8, 93.1, 92.51, 91.59]
2025-07-08 18:34:24,284 [jt_RanPAC.py] => Starting CIL Task 8
2025-07-08 18:34:24,284 [jt_RanPAC.py] => Learning on classes 140-159
2025-07-08 18:35:39,890 [jt_RanPAC.py] => Optimal lambda: 1000000.0
2025-07-08 18:35:43,977 [jt_RanPAC.py] => 96,268,289 total parameters.
2025-07-08 18:35:43,979 [jt_RanPAC.py] => 0 training parameters.
2025-07-08 18:35:51,641 [jt_trainer.py] => Group Accuracies after this task: {'00-19': 87.85, '20-39': 96.14, '40-59': 90.83, '60-79': 90.28, '80-99': 92.57, '100-119': 90.79, '120-139': 89.33, '140-159': 92.8}
2025-07-08 18:35:51,641 [jt_trainer.py] => Ave Acc curve: [99.19, 97.98, 95.62, 93.91, 93.18, 92.63, 91.67, 91.32]
2025-07-08 18:35:51,641 [jt_trainer.py] => Top1 curve: [99.19, 98.02, 95.54, 93.8, 93.1, 92.51, 91.59, 91.27]
2025-07-08 18:35:51,642 [jt_RanPAC.py] => Starting CIL Task 9
2025-07-08 18:35:51,642 [jt_RanPAC.py] => Learning on classes 160-179
2025-07-08 18:37:07,154 [jt_RanPAC.py] => Optimal lambda: 1000000.0
2025-07-08 18:37:11,257 [jt_RanPAC.py] => 96,468,289 total parameters.
2025-07-08 18:37:11,259 [jt_RanPAC.py] => 0 training parameters.
2025-07-08 18:37:19,247 [jt_trainer.py] => Group Accuracies after this task: {'00-19': 87.04, '20-39': 95.17, '40-59': 90.83, '60-79': 89.47, '80-99': 91.82, '100-119': 90.35, '120-139': 88.44, '140-159': 91.6, '160-179': 92.41}
2025-07-08 18:37:19,247 [jt_trainer.py] => Ave Acc curve: [99.19, 97.98, 95.62, 93.91, 93.18, 92.63, 91.67, 91.32, 90.79]
2025-07-08 18:37:19,247 [jt_trainer.py] => Top1 curve: [99.19, 98.02, 95.54, 93.8, 93.1, 92.51, 91.59, 91.27, 90.74]
2025-07-08 18:37:19,247 [jt_RanPAC.py] => Starting CIL Task 10
2025-07-08 18:37:19,247 [jt_RanPAC.py] => Learning on classes 180-199
2025-07-08 18:38:34,607 [jt_RanPAC.py] => Optimal lambda: 1000000.0
2025-07-08 18:38:38,821 [jt_RanPAC.py] => 96,668,289 total parameters.
2025-07-08 18:38:38,822 [jt_RanPAC.py] => 0 training parameters.
2025-07-08 18:38:48,586 [jt_trainer.py] => Group Accuracies after this task: {'00-19': 87.45, '20-39': 92.75, '40-59': 90.83, '60-79': 86.23, '80-99': 92.19, '100-119': 89.91, '120-139': 87.56, '140-159': 90.8, '160-179': 91.56, '180-199': 86.96}
2025-07-08 18:38:48,586 [jt_trainer.py] => Ave Acc curve: [99.19, 97.98, 95.62, 93.91, 93.18, 92.63, 91.67, 91.32, 90.79, 89.62]
2025-07-08 18:38:48,586 [jt_trainer.py] => Top1 curve: [99.19, 98.02, 95.54, 93.8, 93.1, 92.51, 91.59, 91.27, 90.74, 89.61]
2025-07-08 18:38:48,586 [jt_trainer.py] => Finishing run
2025-07-08 18:38:48,586 [jt_trainer.py] => 
