2025-07-04 01:22:18,174 [jt_trainer.py] => Starting new run
2025-07-04 01:22:18,175 [jt_trainer.py] => ID: 7
2025-07-04 01:22:18,175 [jt_trainer.py] => dataset: cifar224
2025-07-04 01:22:18,175 [jt_trainer.py] => shuffle: True
2025-07-04 01:22:18,175 [jt_trainer.py] => init_cls: 10
2025-07-04 01:22:18,175 [jt_trainer.py] => increment: 10
2025-07-04 01:22:18,175 [jt_trainer.py] => model_name: adapter
2025-07-04 01:22:18,175 [jt_trainer.py] => convnet_type: pretrained_vit_b16_224_in21k_adapter
2025-07-04 01:22:18,175 [jt_trainer.py] => device: ['cuda:0']
2025-07-04 01:22:18,175 [jt_trainer.py] => seed: 1993
2025-07-04 01:22:18,175 [jt_trainer.py] => batch_size: 48
2025-07-04 01:22:18,175 [jt_trainer.py] => tuned_epoch: 10
2025-07-04 01:22:18,175 [jt_trainer.py] => body_lr: 0.01
2025-07-04 01:22:18,175 [jt_trainer.py] => head_lr: 0.01
2025-07-04 01:22:18,175 [jt_trainer.py] => weight_decay: 0.0005
2025-07-04 01:22:18,175 [jt_trainer.py] => min_lr: 0
2025-07-04 01:22:18,175 [jt_trainer.py] => use_RP: True
2025-07-04 01:22:18,175 [jt_trainer.py] => M: 10000
2025-07-04 01:22:18,175 [jt_trainer.py] => use_input_norm: False
2025-07-04 01:22:18,176 [jt_trainer.py] => do_not_save: False
2025-07-04 01:22:19,412 [data_manager.py] => Class Order: [68,56,78,8,23,84,90,65,74,76,40,89,3,92,55,9,26,80,43,38,58,70,77,1,85,19,17,50,28,53,13,81,45,82,6,59,83,16,15,44,91,41,72,60,79,52,20,10,31,54,37,95,14,71,96,98,97,2,64,66,42,22,35,86,24,34,87,21,99,0,88,27,18,94,11,12,47,25,30,46,62,69,36,61,7,63,75,5,32,4,51,48,73,93,39,67,29,49,57,33]
2025-07-04 01:22:19,608 [jt_trainer.py] => Pre-trained network parameters: 86988288
2025-07-04 01:22:19,688 [jt_RanPAC.py] => Starting CIL Task 1
2025-07-04 01:22:19,688 [jt_RanPAC.py] => Learning on classes 0-9
2025-07-04 01:22:19,713 [jt_RanPAC.py] => 86,995,969 total parameters.
2025-07-04 01:22:19,715 [jt_RanPAC.py] => 1,197,313 training parameters.
2025-07-04 01:22:19,716 [jt_RanPAC.py] => Starting PETL training on first task using adapter method
2025-07-04 01:28:36,874 [jt_RanPAC.py] => Task 0, Epoch 10/10 => Loss 0.238, Train_accy [93.3], Test_accy [98.8]
2025-07-04 01:30:04,029 [jt_RanPAC.py] => Optimal lambda: 1000000.0
2025-07-04 01:30:07,891 [jt_RanPAC.py] => 94,768,289 total parameters.
2025-07-04 01:30:07,892 [jt_RanPAC.py] => 7,680,000 training parameters.
2025-07-04 01:30:11,869 [jt_trainer.py] => Group Accuracies after this task: {'00-09': 99.0}
2025-07-04 01:30:11,869 [jt_trainer.py] => Ave Acc curve: [99.0]
2025-07-04 01:30:11,869 [jt_trainer.py] => Top1 curve: [99.0]
2025-07-04 01:30:11,870 [jt_RanPAC.py] => Starting CIL Task 2
2025-07-04 01:30:11,870 [jt_RanPAC.py] => Learning on classes 10-19
2025-07-04 01:31:40,168 [jt_RanPAC.py] => Optimal lambda: 10000000.0
2025-07-04 01:31:44,175 [jt_RanPAC.py] => 94,868,289 total parameters.
2025-07-04 01:31:44,177 [jt_RanPAC.py] => 0 training parameters.
2025-07-04 01:31:51,976 [jt_trainer.py] => Group Accuracies after this task: {'00-09': 98.4, '10-19': 97.4}
2025-07-04 01:31:51,976 [jt_trainer.py] => Ave Acc curve: [99.0, 97.9]
2025-07-04 01:31:51,976 [jt_trainer.py] => Top1 curve: [99.0, 97.9]
2025-07-04 01:31:51,976 [jt_RanPAC.py] => Starting CIL Task 3
2025-07-04 01:31:51,976 [jt_RanPAC.py] => Learning on classes 20-29
2025-07-04 01:33:18,713 [jt_RanPAC.py] => Optimal lambda: 1000000.0
2025-07-04 01:33:21,507 [jt_RanPAC.py] => 94,968,289 total parameters.
2025-07-04 01:33:21,509 [jt_RanPAC.py] => 0 training parameters.
2025-07-04 01:33:32,760 [jt_trainer.py] => Group Accuracies after this task: {'00-09': 97.8, '10-19': 96.6, '20-29': 97.5}
2025-07-04 01:33:32,760 [jt_trainer.py] => Ave Acc curve: [99.0, 97.9, 97.3]
2025-07-04 01:33:32,760 [jt_trainer.py] => Top1 curve: [99.0, 97.9, 97.3]
2025-07-04 01:33:32,760 [jt_RanPAC.py] => Starting CIL Task 4
2025-07-04 01:33:32,760 [jt_RanPAC.py] => Learning on classes 30-39
2025-07-04 01:35:01,985 [jt_RanPAC.py] => Optimal lambda: 10000000.0
2025-07-04 01:35:06,016 [jt_RanPAC.py] => 95,068,289 total parameters.
2025-07-04 01:35:06,018 [jt_RanPAC.py] => 0 training parameters.
2025-07-04 01:35:20,687 [jt_trainer.py] => Group Accuracies after this task: {'00-09': 97.4, '10-19': 94.8, '20-29': 96.3, '30-39': 94.3}
2025-07-04 01:35:20,687 [jt_trainer.py] => Ave Acc curve: [99.0, 97.9, 97.3, 95.7]
2025-07-04 01:35:20,687 [jt_trainer.py] => Top1 curve: [99.0, 97.9, 97.3, 95.7]
2025-07-04 01:35:20,687 [jt_RanPAC.py] => Starting CIL Task 5
2025-07-04 01:35:20,687 [jt_RanPAC.py] => Learning on classes 40-49
2025-07-04 01:36:48,481 [jt_RanPAC.py] => Optimal lambda: 1000000.0
2025-07-04 01:36:52,780 [jt_RanPAC.py] => 95,168,289 total parameters.
2025-07-04 01:36:52,781 [jt_RanPAC.py] => 0 training parameters.
2025-07-04 01:37:12,247 [jt_trainer.py] => Group Accuracies after this task: {'00-09': 96.4, '10-19': 94.0, '20-29': 96.0, '30-39': 92.6, '40-49': 94.9}
2025-07-04 01:37:12,247 [jt_trainer.py] => Ave Acc curve: [99.0, 97.9, 97.3, 95.7, 94.78]
2025-07-04 01:37:12,247 [jt_trainer.py] => Top1 curve: [99.0, 97.9, 97.3, 95.7, 94.78]
2025-07-04 01:37:12,247 [jt_RanPAC.py] => Starting CIL Task 6
2025-07-04 01:37:12,247 [jt_RanPAC.py] => Learning on classes 50-59
2025-07-04 01:38:40,010 [jt_RanPAC.py] => Optimal lambda: 1000000.0
2025-07-04 01:38:43,916 [jt_RanPAC.py] => 95,268,289 total parameters.
2025-07-04 01:38:43,918 [jt_RanPAC.py] => 0 training parameters.
2025-07-04 01:39:05,782 [jt_trainer.py] => Group Accuracies after this task: {'00-09': 95.9, '10-19': 93.1, '20-29': 95.6, '30-39': 92.1, '40-49': 94.4, '50-59': 93.0}
2025-07-04 01:39:05,782 [jt_trainer.py] => Ave Acc curve: [99.0, 97.9, 97.3, 95.7, 94.78, 94.02]
2025-07-04 01:39:05,782 [jt_trainer.py] => Top1 curve: [99.0, 97.9, 97.3, 95.7, 94.78, 94.02]
2025-07-04 01:39:05,782 [jt_RanPAC.py] => Starting CIL Task 7
2025-07-04 01:39:05,782 [jt_RanPAC.py] => Learning on classes 60-69
2025-07-04 01:40:31,805 [jt_RanPAC.py] => Optimal lambda: 1000000.0
2025-07-04 01:40:35,805 [jt_RanPAC.py] => 95,368,289 total parameters.
2025-07-04 01:40:35,807 [jt_RanPAC.py] => 0 training parameters.
2025-07-04 01:41:01,384 [jt_trainer.py] => Group Accuracies after this task: {'00-09': 95.5, '10-19': 92.4, '20-29': 95.6, '30-39': 91.7, '40-49': 93.9, '50-59': 91.5, '60-69': 95.2}
2025-07-04 01:41:01,384 [jt_trainer.py] => Ave Acc curve: [99.0, 97.9, 97.3, 95.7, 94.78, 94.02, 93.69]
2025-07-04 01:41:01,384 [jt_trainer.py] => Top1 curve: [99.0, 97.9, 97.3, 95.7, 94.78, 94.02, 93.69]
2025-07-04 01:41:01,385 [jt_RanPAC.py] => Starting CIL Task 8
2025-07-04 01:41:01,385 [jt_RanPAC.py] => Learning on classes 70-79
2025-07-04 01:42:32,541 [jt_RanPAC.py] => Optimal lambda: 1000000.0
2025-07-04 01:42:35,292 [jt_RanPAC.py] => 95,468,289 total parameters.
2025-07-04 01:42:35,294 [jt_RanPAC.py] => 0 training parameters.
2025-07-04 01:43:05,783 [jt_trainer.py] => Group Accuracies after this task: {'00-09': 95.3, '10-19': 92.8, '20-29': 95.6, '30-39': 91.6, '40-49': 92.2, '50-59': 90.0, '60-69': 94.4, '70-79': 88.6}
2025-07-04 01:43:05,783 [jt_trainer.py] => Ave Acc curve: [99.0, 97.9, 97.3, 95.7, 94.78, 94.02, 93.69, 92.56]
2025-07-04 01:43:05,783 [jt_trainer.py] => Top1 curve: [99.0, 97.9, 97.3, 95.7, 94.78, 94.02, 93.69, 92.56]
2025-07-04 01:43:05,783 [jt_RanPAC.py] => Starting CIL Task 9
2025-07-04 01:43:05,783 [jt_RanPAC.py] => Learning on classes 80-89
2025-07-04 01:44:38,212 [jt_RanPAC.py] => Optimal lambda: 1000000.0
2025-07-04 01:44:42,433 [jt_RanPAC.py] => 95,568,289 total parameters.
2025-07-04 01:44:42,435 [jt_RanPAC.py] => 0 training parameters.
2025-07-04 01:45:15,399 [jt_trainer.py] => Group Accuracies after this task: {'00-09': 94.8, '10-19': 91.6, '20-29': 95.6, '30-39': 91.4, '40-49': 90.8, '50-59': 89.9, '60-69': 93.1, '70-79': 87.8, '80-89': 93.6}
2025-07-04 01:45:15,399 [jt_trainer.py] => Ave Acc curve: [99.0, 97.9, 97.3, 95.7, 94.78, 94.02, 93.69, 92.56, 92.07]
2025-07-04 01:45:15,399 [jt_trainer.py] => Top1 curve: [99.0, 97.9, 97.3, 95.7, 94.78, 94.02, 93.69, 92.56, 92.07]
2025-07-04 01:45:15,400 [jt_RanPAC.py] => Starting CIL Task 10
2025-07-04 01:45:15,400 [jt_RanPAC.py] => Learning on classes 90-99
2025-07-04 01:46:44,573 [jt_RanPAC.py] => Optimal lambda: 1000000.0
2025-07-04 01:46:48,658 [jt_RanPAC.py] => 95,668,289 total parameters.
2025-07-04 01:46:48,659 [jt_RanPAC.py] => 0 training parameters.
2025-07-04 01:47:26,151 [jt_trainer.py] => Group Accuracies after this task: {'00-09': 94.4, '10-19': 91.3, '20-29': 95.4, '30-39': 91.1, '40-49': 90.8, '50-59': 89.1, '60-69': 92.9, '70-79': 86.7, '80-89': 93.5, '90-99': 92.9}
2025-07-04 01:47:26,151 [jt_trainer.py] => Ave Acc curve: [99.0, 97.9, 97.3, 95.7, 94.78, 94.02, 93.69, 92.56, 92.07, 91.81]
2025-07-04 01:47:26,151 [jt_trainer.py] => Top1 curve: [99.0, 97.9, 97.3, 95.7, 94.78, 94.02, 93.69, 92.56, 92.07, 91.81]
2025-07-04 01:47:26,151 [jt_trainer.py] => Finishing run
2025-07-04 01:47:26,151 [jt_trainer.py] => 