2025-07-07 16:50:02,688 [jt_trainer.py] => Starting new run
2025-07-07 16:50:02,689 [jt_trainer.py] => ID: 17
2025-07-07 16:50:02,689 [jt_trainer.py] => dataset: cifar224
2025-07-07 16:50:02,689 [jt_trainer.py] => shuffle: True
2025-07-07 16:50:02,689 [jt_trainer.py] => init_cls: 10
2025-07-07 16:50:02,689 [jt_trainer.py] => increment: 10
2025-07-07 16:50:02,689 [jt_trainer.py] => model_name: lora
2025-07-07 16:50:02,689 [jt_trainer.py] => convnet_type: pretrained_vit_b16_224_in21k_lora
2025-07-07 16:50:02,689 [jt_trainer.py] => device: ['cuda:0']
2025-07-07 16:50:02,689 [jt_trainer.py] => seed: 1993
2025-07-07 16:50:02,689 [jt_trainer.py] => batch_size: 48
2025-07-07 16:50:02,689 [jt_trainer.py] => tuned_epoch: 20
2025-07-07 16:50:02,689 [jt_trainer.py] => body_lr: 0.01
2025-07-07 16:50:02,689 [jt_trainer.py] => head_lr: 0.0
2025-07-07 16:50:02,689 [jt_trainer.py] => weight_decay: 0.0005
2025-07-07 16:50:02,690 [jt_trainer.py] => min_lr: 0
2025-07-07 16:50:02,690 [jt_trainer.py] => use_RP: True
2025-07-07 16:50:02,690 [jt_trainer.py] => M: 10000
2025-07-07 16:50:02,690 [jt_trainer.py] => use_input_norm: False
2025-07-07 16:50:02,690 [jt_trainer.py] => do_not_save: False
2025-07-07 16:50:04,255 [data_manager.py] => Class Order: [68,56,78,8,23,84,90,65,74,76,40,89,3,92,55,9,26,80,43,38,58,70,77,1,85,19,17,50,28,53,13,81,45,82,6,59,83,16,15,44,91,41,72,60,79,52,20,10,31,54,37,95,14,71,96,98,97,2,64,66,42,22,35,86,24,34,87,21,99,0,88,27,18,94,11,12,47,25,30,46,62,69,36,61,7,63,75,5,32,4,51,48,73,93,39,67,29,49,57,33]
2025-07-07 16:50:04,446 [jt_trainer.py] => Pre-trained network parameters: 86167296
2025-07-07 16:50:04,526 [jt_RanPAC.py] => Starting CIL Task 1
2025-07-07 16:50:04,527 [jt_RanPAC.py] => Learning on classes 0-9
2025-07-07 16:50:04,544 [jt_RanPAC.py] => 86,174,977 total parameters.
2025-07-07 16:50:04,546 [jt_RanPAC.py] => 376,321 training parameters.
2025-07-07 16:50:04,547 [jt_RanPAC.py] => Starting PETL training on first task using lora method
2025-07-07 17:06:11,733 [jt_RanPAC.py] => Task 0, Epoch 20/20 => Loss 0.176, Train_accy [94.8], Test_accy [99.7]
2025-07-07 17:07:43,958 [jt_RanPAC.py] => Optimal lambda: 1000000.0
2025-07-07 17:07:47,941 [jt_RanPAC.py] => 93,947,297 total parameters.
2025-07-07 17:07:47,943 [jt_RanPAC.py] => 7,680,000 training parameters.
2025-07-07 17:07:52,537 [jt_trainer.py] => Group Accuracies after this task: {'00-09': 99.7}
2025-07-07 17:07:52,537 [jt_trainer.py] => Ave Acc curve: [99.7]
2025-07-07 17:07:52,537 [jt_trainer.py] => Top1 curve: [99.7]
2025-07-07 17:07:52,537 [jt_RanPAC.py] => Starting CIL Task 2
2025-07-07 17:07:52,537 [jt_RanPAC.py] => Learning on classes 10-19
2025-07-07 17:09:23,633 [jt_RanPAC.py] => Optimal lambda: 1000000.0
2025-07-07 17:09:27,587 [jt_RanPAC.py] => 94,047,297 total parameters.
2025-07-07 17:09:27,588 [jt_RanPAC.py] => 0 training parameters.
2025-07-07 17:09:36,552 [jt_trainer.py] => Group Accuracies after this task: {'00-09': 98.7, '10-19': 96.0}
2025-07-07 17:09:36,552 [jt_trainer.py] => Ave Acc curve: [99.7, 97.35]
2025-07-07 17:09:36,552 [jt_trainer.py] => Top1 curve: [99.7, 97.35]
2025-07-07 17:09:36,552 [jt_RanPAC.py] => Starting CIL Task 3
2025-07-07 17:09:36,552 [jt_RanPAC.py] => Learning on classes 20-29
2025-07-07 17:11:07,502 [jt_RanPAC.py] => Optimal lambda: 1000000.0
2025-07-07 17:11:11,639 [jt_RanPAC.py] => 94,147,297 total parameters.
2025-07-07 17:11:11,641 [jt_RanPAC.py] => 0 training parameters.
2025-07-07 17:11:24,864 [jt_trainer.py] => Group Accuracies after this task: {'00-09': 97.2, '10-19': 94.6, '20-29': 96.8}
2025-07-07 17:11:24,864 [jt_trainer.py] => Ave Acc curve: [99.7, 97.35, 96.2]
2025-07-07 17:11:24,864 [jt_trainer.py] => Top1 curve: [99.7, 97.35, 96.2]
2025-07-07 17:11:24,865 [jt_RanPAC.py] => Starting CIL Task 4
2025-07-07 17:11:24,865 [jt_RanPAC.py] => Learning on classes 30-39
2025-07-07 17:12:55,155 [jt_RanPAC.py] => Optimal lambda: 1000000.0
2025-07-07 17:12:59,243 [jt_RanPAC.py] => 94,247,297 total parameters.
2025-07-07 17:12:59,244 [jt_RanPAC.py] => 0 training parameters.
2025-07-07 17:13:17,115 [jt_trainer.py] => Group Accuracies after this task: {'00-09': 96.9, '10-19': 93.4, '20-29': 96.0, '30-39': 92.6}
2025-07-07 17:13:17,115 [jt_trainer.py] => Ave Acc curve: [99.7, 97.35, 96.2, 94.72]
2025-07-07 17:13:17,115 [jt_trainer.py] => Top1 curve: [99.7, 97.35, 96.2, 94.72]
2025-07-07 17:13:17,115 [jt_RanPAC.py] => Starting CIL Task 5
2025-07-07 17:13:17,116 [jt_RanPAC.py] => Learning on classes 40-49
2025-07-07 17:14:48,252 [jt_RanPAC.py] => Optimal lambda: 1000000.0
2025-07-07 17:14:52,189 [jt_RanPAC.py] => 94,347,297 total parameters.
2025-07-07 17:14:52,191 [jt_RanPAC.py] => 0 training parameters.
2025-07-07 17:15:14,046 [jt_trainer.py] => Group Accuracies after this task: {'00-09': 96.2, '10-19': 92.1, '20-29': 95.3, '30-39': 90.9, '40-49': 93.2}
2025-07-07 17:15:14,046 [jt_trainer.py] => Ave Acc curve: [99.7, 97.35, 96.2, 94.72, 93.54]
2025-07-07 17:15:14,046 [jt_trainer.py] => Top1 curve: [99.7, 97.35, 96.2, 94.72, 93.54]
2025-07-07 17:15:14,046 [jt_RanPAC.py] => Starting CIL Task 6
2025-07-07 17:15:14,046 [jt_RanPAC.py] => Learning on classes 50-59
2025-07-07 17:16:44,996 [jt_RanPAC.py] => Optimal lambda: 1000000.0
2025-07-07 17:16:49,097 [jt_RanPAC.py] => 94,447,297 total parameters.
2025-07-07 17:16:49,099 [jt_RanPAC.py] => 0 training parameters.
2025-07-07 17:17:15,304 [jt_trainer.py] => Group Accuracies after this task: {'00-09': 95.3, '10-19': 91.9, '20-29': 95.0, '30-39': 90.4, '40-49': 92.4, '50-59': 90.2}
2025-07-07 17:17:15,304 [jt_trainer.py] => Ave Acc curve: [99.7, 97.35, 96.2, 94.72, 93.54, 92.53]
2025-07-07 17:17:15,305 [jt_trainer.py] => Top1 curve: [99.7, 97.35, 96.2, 94.72, 93.54, 92.53]
2025-07-07 17:17:15,305 [jt_RanPAC.py] => Starting CIL Task 7
2025-07-07 17:17:15,305 [jt_RanPAC.py] => Learning on classes 60-69
2025-07-07 17:18:45,929 [jt_RanPAC.py] => Optimal lambda: 1000000.0
2025-07-07 17:18:49,870 [jt_RanPAC.py] => 94,547,297 total parameters.
2025-07-07 17:18:49,872 [jt_RanPAC.py] => 0 training parameters.
2025-07-07 17:19:20,460 [jt_trainer.py] => Group Accuracies after this task: {'00-09': 95.4, '10-19': 91.3, '20-29': 94.8, '30-39': 89.8, '40-49': 92.2, '50-59': 89.2, '60-69': 93.3}
2025-07-07 17:19:20,460 [jt_trainer.py] => Ave Acc curve: [99.7, 97.35, 96.2, 94.72, 93.54, 92.53, 92.29]
2025-07-07 17:19:20,460 [jt_trainer.py] => Top1 curve: [99.7, 97.35, 96.2, 94.72, 93.54, 92.53, 92.29]
2025-07-07 17:19:20,460 [jt_RanPAC.py] => Starting CIL Task 8
2025-07-07 17:19:20,460 [jt_RanPAC.py] => Learning on classes 70-79
2025-07-07 17:20:51,657 [jt_RanPAC.py] => Optimal lambda: 1000000.0
2025-07-07 17:20:55,688 [jt_RanPAC.py] => 94,647,297 total parameters.
2025-07-07 17:20:55,689 [jt_RanPAC.py] => 0 training parameters.
2025-07-07 17:21:30,359 [jt_trainer.py] => Group Accuracies after this task: {'00-09': 95.1, '10-19': 91.1, '20-29': 94.8, '30-39': 89.8, '40-49': 91.3, '50-59': 87.4, '60-69': 91.7, '70-79': 85.6}
2025-07-07 17:21:30,359 [jt_trainer.py] => Ave Acc curve: [99.7, 97.35, 96.2, 94.72, 93.54, 92.53, 92.29, 90.85]
2025-07-07 17:21:30,359 [jt_trainer.py] => Top1 curve: [99.7, 97.35, 96.2, 94.72, 93.54, 92.53, 92.29, 90.85]
2025-07-07 17:21:30,359 [jt_RanPAC.py] => Starting CIL Task 9
2025-07-07 17:21:30,359 [jt_RanPAC.py] => Learning on classes 80-89
2025-07-07 17:23:01,316 [jt_RanPAC.py] => Optimal lambda: 1000000.0
2025-07-07 17:23:05,366 [jt_RanPAC.py] => 94,747,297 total parameters.
2025-07-07 17:23:05,368 [jt_RanPAC.py] => 0 training parameters.
2025-07-07 17:23:43,938 [jt_trainer.py] => Group Accuracies after this task: {'00-09': 94.2, '10-19': 89.7, '20-29': 94.3, '30-39': 89.6, '40-49': 89.7, '50-59': 86.4, '60-69': 91.0, '70-79': 85.4, '80-89': 91.7}
2025-07-07 17:23:43,938 [jt_trainer.py] => Ave Acc curve: [99.7, 97.35, 96.2, 94.72, 93.54, 92.53, 92.29, 90.85, 90.22]
2025-07-07 17:23:43,938 [jt_trainer.py] => Top1 curve: [99.7, 97.35, 96.2, 94.72, 93.54, 92.53, 92.29, 90.85, 90.22]
2025-07-07 17:23:43,938 [jt_RanPAC.py] => Starting CIL Task 10
2025-07-07 17:23:43,938 [jt_RanPAC.py] => Learning on classes 90-99
2025-07-07 17:25:14,975 [jt_RanPAC.py] => Optimal lambda: 1000000.0
2025-07-07 17:25:18,946 [jt_RanPAC.py] => 94,847,297 total parameters.
2025-07-07 17:25:18,948 [jt_RanPAC.py] => 0 training parameters.
2025-07-07 17:26:01,637 [jt_trainer.py] => Group Accuracies after this task: {'00-09': 93.8, '10-19': 89.5, '20-29': 94.0, '30-39': 88.9, '40-49': 89.0, '50-59': 86.0, '60-69': 91.0, '70-79': 84.6, '80-89': 91.6, '90-99': 89.8}
2025-07-07 17:26:01,637 [jt_trainer.py] => Ave Acc curve: [99.7, 97.35, 96.2, 94.72, 93.54, 92.53, 92.29, 90.85, 90.22, 89.82]
2025-07-07 17:26:01,637 [jt_trainer.py] => Top1 curve: [99.7, 97.35, 96.2, 94.72, 93.54, 92.53, 92.29, 90.85, 90.22, 89.82]
2025-07-07 17:26:01,637 [jt_trainer.py] => Finishing run
2025-07-07 17:26:01,637 [jt_trainer.py] => 
