2025-07-06 21:50:00,829 [trainer.py] => Starting new run
2025-07-06 21:50:00,831 [trainer.py] => ID: 7
2025-07-06 21:50:00,832 [trainer.py] => dataset: cifar224
2025-07-06 21:50:00,832 [trainer.py] => shuffle: True
2025-07-06 21:50:00,832 [trainer.py] => init_cls: 10
2025-07-06 21:50:00,832 [trainer.py] => increment: 10
2025-07-06 21:50:00,832 [trainer.py] => model_name: adapter
2025-07-06 21:50:00,832 [trainer.py] => convnet_type: pretrained_vit_b16_224_in21k_adapter
2025-07-06 21:50:00,832 [trainer.py] => device: [device(type='cuda', index=0)]
2025-07-06 21:50:00,832 [trainer.py] => seed: 1993
2025-07-06 21:50:00,832 [trainer.py] => batch_size: 48
2025-07-06 21:50:00,832 [trainer.py] => tuned_epoch: 20
2025-07-06 21:50:00,832 [trainer.py] => body_lr: 0.01
2025-07-06 21:50:00,832 [trainer.py] => head_lr: 0.01
2025-07-06 21:50:00,832 [trainer.py] => weight_decay: 0.0005
2025-07-06 21:50:00,832 [trainer.py] => min_lr: 0.0
2025-07-06 21:50:00,832 [trainer.py] => use_RP: True
2025-07-06 21:50:00,832 [trainer.py] => M: 10000
2025-07-06 21:50:00,832 [trainer.py] => use_input_norm: False
2025-07-06 21:50:00,832 [trainer.py] => do_not_save: False
2025-07-06 21:50:03,745 [data_manager.py] => Class Order: [68,56,78,8,23,84,90,65,74,76,40,89,3,92,55,9,26,80,43,38,58,70,77,1,85,19,17,50,28,53,13,81,45,82,6,59,83,16,15,44,91,41,72,60,79,52,20,10,31,54,37,95,14,71,96,98,97,2,64,66,42,22,35,86,24,34,87,21,99,0,88,27,18,94,11,12,47,25,30,46,62,69,36,61,7,63,75,5,32,4,51,48,73,93,39,67,29,49,57,33]
2025-07-06 21:50:03,819 [trainer.py] => Pre-trained network parameters: 86988288
2025-07-06 21:50:03,896 [RanPAC.py] => Starting CIL Task 1
2025-07-06 21:50:03,896 [RanPAC.py] => Learning on classes 0-9
2025-07-06 21:50:04,000 [RanPAC.py] => 86,995,969 total parameters.
2025-07-06 21:50:04,000 [RanPAC.py] => 1,197,313 training parameters.
2025-07-06 21:50:04,001 [RanPAC.py] => Starting PETL training on first task using adapter method
2025-07-06 21:51:19,818 [RanPAC.py] => Optimal lambda: 1000000.0
2025-07-06 21:51:21,381 [RanPAC.py] => 87,088,289 total parameters.
2025-07-06 21:51:21,381 [RanPAC.py] => 100,001 training parameters.
2025-07-06 21:52:04,396 [trainer.py] => Group Accuracies after this task: {'00-09': 99.0}
2025-07-06 21:52:04,396 [trainer.py] => Ave Acc curve: [99.0]
2025-07-06 21:52:04,396 [trainer.py] => Top1 curve: [99.0]
2025-07-06 21:52:04,397 [RanPAC.py] => Starting CIL Task 2
2025-07-06 21:52:04,397 [RanPAC.py] => Learning on classes 10-19
2025-07-06 21:53:19,159 [RanPAC.py] => Optimal lambda: 1000000.0
2025-07-06 21:53:20,754 [RanPAC.py] => 87,188,289 total parameters.
2025-07-06 21:53:20,754 [RanPAC.py] => 200,001 training parameters.
2025-07-06 21:54:25,440 [trainer.py] => Group Accuracies after this task: {'00-09': 98.6, '10-19': 97.5}
2025-07-06 21:54:25,440 [trainer.py] => Ave Acc curve: [99.0, 98.05]
2025-07-06 21:54:25,440 [trainer.py] => Top1 curve: [99.0, 98.05]
2025-07-06 21:54:25,441 [RanPAC.py] => Starting CIL Task 3
2025-07-06 21:54:25,442 [RanPAC.py] => Learning on classes 20-29
2025-07-06 21:55:42,173 [RanPAC.py] => Optimal lambda: 1000000.0
2025-07-06 21:55:44,024 [RanPAC.py] => 87,288,289 total parameters.
2025-07-06 21:55:44,024 [RanPAC.py] => 300,001 training parameters.
2025-07-06 21:57:13,826 [trainer.py] => Group Accuracies after this task: {'00-09': 98.0, '10-19': 96.8, '20-29': 97.7}
2025-07-06 21:57:13,826 [trainer.py] => Ave Acc curve: [99.0, 98.05, 97.5]
2025-07-06 21:57:13,826 [trainer.py] => Top1 curve: [99.0, 98.05, 97.5]
2025-07-06 21:57:13,827 [RanPAC.py] => Starting CIL Task 4
2025-07-06 21:57:13,827 [RanPAC.py] => Learning on classes 30-39
2025-07-06 21:58:28,794 [RanPAC.py] => Optimal lambda: 1000000.0
2025-07-06 21:58:30,474 [RanPAC.py] => 87,388,289 total parameters.
2025-07-06 21:58:30,475 [RanPAC.py] => 400,001 training parameters.
2025-07-06 22:00:17,658 [trainer.py] => Group Accuracies after this task: {'00-09': 97.2, '10-19': 95.8, '20-29': 96.9, '30-39': 95.0}
2025-07-06 22:00:17,658 [trainer.py] => Ave Acc curve: [99.0, 98.05, 97.5, 96.22]
2025-07-06 22:00:17,658 [trainer.py] => Top1 curve: [99.0, 98.05, 97.5, 96.22]
2025-07-06 22:00:17,659 [RanPAC.py] => Starting CIL Task 5
2025-07-06 22:00:17,659 [RanPAC.py] => Learning on classes 40-49
2025-07-06 22:01:38,437 [RanPAC.py] => Optimal lambda: 1000000.0
2025-07-06 22:01:40,278 [RanPAC.py] => 87,488,289 total parameters.
2025-07-06 22:01:40,279 [RanPAC.py] => 500,001 training parameters.
2025-07-06 22:03:56,303 [trainer.py] => Group Accuracies after this task: {'00-09': 96.7, '10-19': 94.3, '20-29': 96.2, '30-39': 93.8, '40-49': 95.7}
2025-07-06 22:03:56,304 [trainer.py] => Ave Acc curve: [99.0, 98.05, 97.5, 96.22, 95.34]
2025-07-06 22:03:56,304 [trainer.py] => Top1 curve: [99.0, 98.05, 97.5, 96.22, 95.34]
2025-07-06 22:03:56,304 [RanPAC.py] => Starting CIL Task 6
2025-07-06 22:03:56,304 [RanPAC.py] => Learning on classes 50-59
2025-07-06 22:05:10,655 [RanPAC.py] => Optimal lambda: 1000000.0
2025-07-06 22:05:12,396 [RanPAC.py] => 87,588,289 total parameters.
2025-07-06 22:05:12,397 [RanPAC.py] => 600,001 training parameters.
2025-07-06 22:07:38,705 [trainer.py] => Group Accuracies after this task: {'00-09': 96.1, '10-19': 93.8, '20-29': 95.8, '30-39': 93.0, '40-49': 94.7, '50-59': 93.1}
2025-07-06 22:07:38,705 [trainer.py] => Ave Acc curve: [99.0, 98.05, 97.5, 96.22, 95.34, 94.42]
2025-07-06 22:07:38,705 [trainer.py] => Top1 curve: [99.0, 98.05, 97.5, 96.22, 95.34, 94.42]
2025-07-06 22:07:38,706 [RanPAC.py] => Starting CIL Task 7
2025-07-06 22:07:38,706 [RanPAC.py] => Learning on classes 60-69
2025-07-06 22:08:53,414 [RanPAC.py] => Optimal lambda: 1000000.0
2025-07-06 22:08:55,068 [RanPAC.py] => 87,688,289 total parameters.
2025-07-06 22:08:55,069 [RanPAC.py] => 700,001 training parameters.
2025-07-06 22:11:42,786 [trainer.py] => Group Accuracies after this task: {'00-09': 95.5, '10-19': 92.8, '20-29': 95.9, '30-39': 92.4, '40-49': 94.6, '50-59': 92.6, '60-69': 95.3}
2025-07-06 22:11:42,786 [trainer.py] => Ave Acc curve: [99.0, 98.05, 97.5, 96.22, 95.34, 94.42, 94.16]
2025-07-06 22:11:42,786 [trainer.py] => Top1 curve: [99.0, 98.05, 97.5, 96.22, 95.34, 94.42, 94.16]
2025-07-06 22:11:42,787 [RanPAC.py] => Starting CIL Task 8
2025-07-06 22:11:42,787 [RanPAC.py] => Learning on classes 70-79
2025-07-06 22:12:57,133 [RanPAC.py] => Optimal lambda: 1000000.0
2025-07-06 22:12:58,889 [RanPAC.py] => 87,788,289 total parameters.
2025-07-06 22:12:58,890 [RanPAC.py] => 800,001 training parameters.
2025-07-06 22:16:07,616 [trainer.py] => Group Accuracies after this task: {'00-09': 95.6, '10-19': 92.8, '20-29': 95.8, '30-39': 92.2, '40-49': 92.7, '50-59': 90.1, '60-69': 94.4, '70-79': 89.2}
2025-07-06 22:16:07,616 [trainer.py] => Ave Acc curve: [99.0, 98.05, 97.5, 96.22, 95.34, 94.42, 94.16, 92.85]
2025-07-06 22:16:07,616 [trainer.py] => Top1 curve: [99.0, 98.05, 97.5, 96.22, 95.34, 94.42, 94.16, 92.85]
2025-07-06 22:16:07,617 [RanPAC.py] => Starting CIL Task 9
2025-07-06 22:16:07,617 [RanPAC.py] => Learning on classes 80-89
2025-07-06 22:17:21,683 [RanPAC.py] => Optimal lambda: 1000000.0
2025-07-06 22:17:23,424 [RanPAC.py] => 87,888,289 total parameters.
2025-07-06 22:17:23,425 [RanPAC.py] => 900,001 training parameters.
2025-07-06 22:20:52,354 [trainer.py] => Group Accuracies after this task: {'00-09': 94.9, '10-19': 91.5, '20-29': 95.4, '30-39': 91.9, '40-49': 91.5, '50-59': 89.5, '60-69': 93.7, '70-79': 89.1, '80-89': 93.3}
2025-07-06 22:20:52,354 [trainer.py] => Ave Acc curve: [99.0, 98.05, 97.5, 96.22, 95.34, 94.42, 94.16, 92.85, 92.31]
2025-07-06 22:20:52,354 [trainer.py] => Top1 curve: [99.0, 98.05, 97.5, 96.22, 95.34, 94.42, 94.16, 92.85, 92.31]
2025-07-06 22:20:52,355 [RanPAC.py] => Starting CIL Task 10
2025-07-06 22:20:52,355 [RanPAC.py] => Learning on classes 90-99
2025-07-06 22:22:06,560 [RanPAC.py] => Optimal lambda: 1000000.0
2025-07-06 22:22:08,262 [RanPAC.py] => 87,988,289 total parameters.
2025-07-06 22:22:08,263 [RanPAC.py] => 1,000,001 training parameters.
2025-07-06 22:25:59,359 [trainer.py] => Group Accuracies after this task: {'00-09': 94.8, '10-19': 91.3, '20-29': 95.0, '30-39': 91.6, '40-49': 91.1, '50-59': 89.0, '60-69': 93.4, '70-79': 88.5, '80-89': 92.8, '90-99': 93.3}
2025-07-06 22:25:59,359 [trainer.py] => Ave Acc curve: [99.0, 98.05, 97.5, 96.22, 95.34, 94.42, 94.16, 92.85, 92.31, 92.08]
2025-07-06 22:25:59,359 [trainer.py] => Top1 curve: [99.0, 98.05, 97.5, 96.22, 95.34, 94.42, 94.16, 92.85, 92.31, 92.08]
2025-07-06 22:25:59,359 [trainer.py] => Finishing run
2025-07-06 22:25:59,359 [trainer.py] => 
