2025-07-06 02:31:49,202 [trainer.py] => Starting new run
2025-07-06 02:31:49,204 [trainer.py] => ID: 17
2025-07-06 02:31:49,205 [trainer.py] => dataset: cifar224
2025-07-06 02:31:49,205 [trainer.py] => shuffle: True
2025-07-06 02:31:49,205 [trainer.py] => init_cls: 10
2025-07-06 02:31:49,205 [trainer.py] => increment: 10
2025-07-06 02:31:49,205 [trainer.py] => model_name: lora
2025-07-06 02:31:49,205 [trainer.py] => convnet_type: pretrained_vit_b16_224_in21k_lora
2025-07-06 02:31:49,205 [trainer.py] => device: [device(type='cuda', index=0)]
2025-07-06 02:31:49,205 [trainer.py] => seed: 1993
2025-07-06 02:31:49,205 [trainer.py] => batch_size: 96
2025-07-06 02:31:49,205 [trainer.py] => tuned_epoch: 20
2025-07-06 02:31:49,205 [trainer.py] => body_lr: 0.01
2025-07-06 02:31:49,205 [trainer.py] => head_lr: 0.01
2025-07-06 02:31:49,205 [trainer.py] => weight_decay: 0.0005
2025-07-06 02:31:49,205 [trainer.py] => min_lr: 0.0
2025-07-06 02:31:49,205 [trainer.py] => use_RP: True
2025-07-06 02:31:49,205 [trainer.py] => M: 10000
2025-07-06 02:31:49,205 [trainer.py] => use_input_norm: False
2025-07-06 02:31:49,205 [trainer.py] => do_not_save: False
2025-07-06 02:31:51,537 [data_manager.py] => Class Order: [68,56,78,8,23,84,90,65,74,76,40,89,3,92,55,9,26,80,43,38,58,70,77,1,85,19,17,50,28,53,13,81,45,82,6,59,83,16,15,44,91,41,72,60,79,52,20,10,31,54,37,95,14,71,96,98,97,2,64,66,42,22,35,86,24,34,87,21,99,0,88,27,18,94,11,12,47,25,30,46,62,69,36,61,7,63,75,5,32,4,51,48,73,93,39,67,29,49,57,33]
2025-07-06 02:31:51,611 [trainer.py] => Pre-trained network parameters: 86167296
2025-07-06 02:31:51,692 [RanPAC.py] => Starting CIL Task 1
2025-07-06 02:31:51,693 [RanPAC.py] => Learning on classes 0-9
2025-07-06 02:31:51,852 [RanPAC.py] => 86,174,977 total parameters.
2025-07-06 02:31:51,852 [RanPAC.py] => 376,321 training parameters.
2025-07-06 02:31:51,853 [RanPAC.py] => Starting PETL training on first task using lora method
2025-07-06 03:01:18,096 [RanPAC.py] => Task 0, Epoch 20/20 => Loss 0.208, Train_accy 93.98, Test_accy 99.20
2025-07-06 03:02:34,853 [RanPAC.py] => Optimal lambda: 100000.0
2025-07-06 03:02:36,697 [RanPAC.py] => 86,267,297 total parameters.
2025-07-06 03:02:36,698 [RanPAC.py] => 100,001 training parameters.
2025-07-06 03:03:02,653 [trainer.py] => Group Accuracies after this task: {'00-09': 99.5}
2025-07-06 03:03:02,653 [trainer.py] => Ave Acc curve: [99.5]
2025-07-06 03:03:02,653 [trainer.py] => Top1 curve: [99.5]
2025-07-06 03:03:02,654 [RanPAC.py] => Starting CIL Task 2
2025-07-06 03:03:02,654 [RanPAC.py] => Learning on classes 10-19
2025-07-06 03:04:18,695 [RanPAC.py] => Optimal lambda: 100000.0
2025-07-06 03:04:20,462 [RanPAC.py] => 86,367,297 total parameters.
2025-07-06 03:04:20,462 [RanPAC.py] => 200,001 training parameters.
2025-07-06 03:04:50,333 [trainer.py] => Group Accuracies after this task: {'00-09': 98.4, '10-19': 96.1}
2025-07-06 03:04:50,333 [trainer.py] => Ave Acc curve: [99.5, 97.25]
2025-07-06 03:04:50,333 [trainer.py] => Top1 curve: [99.5, 97.25]
2025-07-06 03:04:50,334 [RanPAC.py] => Starting CIL Task 3
2025-07-06 03:04:50,334 [RanPAC.py] => Learning on classes 20-29
2025-07-06 03:06:06,406 [RanPAC.py] => Optimal lambda: 100000.0
2025-07-06 03:06:08,191 [RanPAC.py] => 86,467,297 total parameters.
2025-07-06 03:06:08,192 [RanPAC.py] => 300,001 training parameters.
2025-07-06 03:06:42,014 [trainer.py] => Group Accuracies after this task: {'00-09': 97.7, '10-19': 95.6, '20-29': 96.6}
2025-07-06 03:06:42,015 [trainer.py] => Ave Acc curve: [99.5, 97.25, 96.63]
2025-07-06 03:06:42,015 [trainer.py] => Top1 curve: [99.5, 97.25, 96.63]
2025-07-06 03:06:42,015 [RanPAC.py] => Starting CIL Task 4
2025-07-06 03:06:42,015 [RanPAC.py] => Learning on classes 30-39
2025-07-06 03:07:58,164 [RanPAC.py] => Optimal lambda: 100000.0
2025-07-06 03:07:59,886 [RanPAC.py] => 86,567,297 total parameters.
2025-07-06 03:07:59,886 [RanPAC.py] => 400,001 training parameters.
2025-07-06 03:08:37,611 [trainer.py] => Group Accuracies after this task: {'00-09': 97.2, '10-19': 94.3, '20-29': 96.1, '30-39': 94.2}
2025-07-06 03:08:37,611 [trainer.py] => Ave Acc curve: [99.5, 97.25, 96.63, 95.45]
2025-07-06 03:08:37,611 [trainer.py] => Top1 curve: [99.5, 97.25, 96.63, 95.45]
2025-07-06 03:08:37,612 [RanPAC.py] => Starting CIL Task 5
2025-07-06 03:08:37,612 [RanPAC.py] => Learning on classes 40-49
2025-07-06 03:09:53,669 [RanPAC.py] => Optimal lambda: 100000.0
2025-07-06 03:09:55,455 [RanPAC.py] => 86,667,297 total parameters.
2025-07-06 03:09:55,455 [RanPAC.py] => 500,001 training parameters.
2025-07-06 03:10:37,352 [trainer.py] => Group Accuracies after this task: {'00-09': 97.0, '10-19': 93.2, '20-29': 95.6, '30-39': 92.0, '40-49': 93.7}
2025-07-06 03:10:37,352 [trainer.py] => Ave Acc curve: [99.5, 97.25, 96.63, 95.45, 94.3]
2025-07-06 03:10:37,353 [trainer.py] => Top1 curve: [99.5, 97.25, 96.63, 95.45, 94.3]
2025-07-06 03:10:37,354 [RanPAC.py] => Starting CIL Task 6
2025-07-06 03:10:37,354 [RanPAC.py] => Learning on classes 50-59
2025-07-06 03:11:52,988 [RanPAC.py] => Optimal lambda: 100000.0
2025-07-06 03:11:54,683 [RanPAC.py] => 86,767,297 total parameters.
2025-07-06 03:11:54,684 [RanPAC.py] => 600,001 training parameters.
2025-07-06 03:12:40,395 [trainer.py] => Group Accuracies after this task: {'00-09': 96.0, '10-19': 92.7, '20-29': 94.9, '30-39': 91.6, '40-49': 92.7, '50-59': 92.1}
2025-07-06 03:12:40,396 [trainer.py] => Ave Acc curve: [99.5, 97.25, 96.63, 95.45, 94.3, 93.33]
2025-07-06 03:12:40,396 [trainer.py] => Top1 curve: [99.5, 97.25, 96.63, 95.45, 94.3, 93.33]
2025-07-06 03:12:40,396 [RanPAC.py] => Starting CIL Task 7
2025-07-06 03:12:40,396 [RanPAC.py] => Learning on classes 60-69
2025-07-06 03:13:56,406 [RanPAC.py] => Optimal lambda: 100000.0
2025-07-06 03:13:58,153 [RanPAC.py] => 86,867,297 total parameters.
2025-07-06 03:13:58,154 [RanPAC.py] => 700,001 training parameters.
2025-07-06 03:14:47,672 [trainer.py] => Group Accuracies after this task: {'00-09': 95.6, '10-19': 91.8, '20-29': 94.8, '30-39': 90.5, '40-49': 92.1, '50-59': 90.9, '60-69': 93.3}
2025-07-06 03:14:47,672 [trainer.py] => Ave Acc curve: [99.5, 97.25, 96.63, 95.45, 94.3, 93.33, 92.71]
2025-07-06 03:14:47,672 [trainer.py] => Top1 curve: [99.5, 97.25, 96.63, 95.45, 94.3, 93.33, 92.71]
2025-07-06 03:14:47,673 [RanPAC.py] => Starting CIL Task 8
2025-07-06 03:14:47,673 [RanPAC.py] => Learning on classes 70-79
2025-07-06 03:16:03,557 [RanPAC.py] => Optimal lambda: 100000.0
2025-07-06 03:16:05,270 [RanPAC.py] => 86,967,297 total parameters.
2025-07-06 03:16:05,271 [RanPAC.py] => 800,001 training parameters.
2025-07-06 03:16:58,757 [trainer.py] => Group Accuracies after this task: {'00-09': 95.7, '10-19': 91.5, '20-29': 94.7, '30-39': 90.3, '40-49': 90.3, '50-59': 88.7, '60-69': 91.8, '70-79': 86.9}
2025-07-06 03:16:58,758 [trainer.py] => Ave Acc curve: [99.5, 97.25, 96.63, 95.45, 94.3, 93.33, 92.71, 91.24]
2025-07-06 03:16:58,758 [trainer.py] => Top1 curve: [99.5, 97.25, 96.63, 95.45, 94.3, 93.33, 92.71, 91.24]
2025-07-06 03:16:58,759 [RanPAC.py] => Starting CIL Task 9
2025-07-06 03:16:58,760 [RanPAC.py] => Learning on classes 80-89
2025-07-06 03:18:14,936 [RanPAC.py] => Optimal lambda: 100000.0
2025-07-06 03:18:16,655 [RanPAC.py] => 87,067,297 total parameters.
2025-07-06 03:18:16,656 [RanPAC.py] => 900,001 training parameters.
2025-07-06 03:19:14,054 [trainer.py] => Group Accuracies after this task: {'00-09': 95.0, '10-19': 90.3, '20-29': 94.5, '30-39': 89.9, '40-49': 89.5, '50-59': 88.3, '60-69': 91.2, '70-79': 86.5, '80-89': 91.8}
2025-07-06 03:19:14,054 [trainer.py] => Ave Acc curve: [99.5, 97.25, 96.63, 95.45, 94.3, 93.33, 92.71, 91.24, 90.78]
2025-07-06 03:19:14,054 [trainer.py] => Top1 curve: [99.5, 97.25, 96.63, 95.45, 94.3, 93.33, 92.71, 91.24, 90.78]
2025-07-06 03:19:14,055 [RanPAC.py] => Starting CIL Task 10
2025-07-06 03:19:14,055 [RanPAC.py] => Learning on classes 90-99
2025-07-06 03:20:29,648 [RanPAC.py] => Optimal lambda: 100000.0
2025-07-06 03:20:31,423 [RanPAC.py] => 87,167,297 total parameters.
2025-07-06 03:20:31,424 [RanPAC.py] => 1,000,001 training parameters.
2025-07-06 03:21:32,722 [trainer.py] => Group Accuracies after this task: {'00-09': 95.0, '10-19': 89.9, '20-29': 93.8, '30-39': 89.8, '40-49': 89.1, '50-59': 87.9, '60-69': 90.8, '70-79': 85.9, '80-89': 91.6, '90-99': 91.6}
2025-07-06 03:21:32,722 [trainer.py] => Ave Acc curve: [99.5, 97.25, 96.63, 95.45, 94.3, 93.33, 92.71, 91.24, 90.78, 90.54]
2025-07-06 03:21:32,722 [trainer.py] => Top1 curve: [99.5, 97.25, 96.63, 95.45, 94.3, 93.33, 92.71, 91.24, 90.78, 90.54]
2025-07-06 03:21:32,722 [trainer.py] => Finishing run
2025-07-06 03:21:32,722 [trainer.py] => 
